2025-06-15T16:47:55.179Z [[32minfo[39m]: [32mUserService initialized with 2 mock users[39m
2025-06-15T16:47:55.181Z [[32minfo[39m]: [32mMetricsService initialized with mock data for 4 categories[39m
2025-06-15T16:47:55.181Z [[32minfo[39m]: [32mActivityService initialized with 200 mock activities[39m
2025-06-15T16:47:55.182Z [[32minfo[39m]: [32mPerformanceService initialized with 500 mock metrics[39m
2025-06-15T16:47:55.182Z [[32minfo[39m]: [32mCacheService initialized[39m
2025-06-15T16:47:55.206Z [[32minfo[39m]: [32m🚀 GraphQL Server ready at http://localhost:4000/[39m
2025-06-15T16:47:55.207Z [[32minfo[39m]: [32m🧠 Consciousness visualization endpoints available[39m
2025-06-15T16:47:55.207Z [[32minfo[39m]: [32m📊 Performance monitoring enabled[39m
2025-06-15T16:48:14.129Z [[32minfo[39m]: [32mUserService initialized with 2 mock users[39m
2025-06-15T16:48:14.131Z [[32minfo[39m]: [32mMetricsService initialized with mock data for 4 categories[39m
2025-06-15T16:48:14.131Z [[32minfo[39m]: [32mActivityService initialized with 200 mock activities[39m
2025-06-15T16:48:14.132Z [[32minfo[39m]: [32mPerformanceService initialized with 500 mock metrics[39m
2025-06-15T16:48:14.132Z [[32minfo[39m]: [32mCacheService initialized[39m
2025-06-15T16:48:14.159Z [[31merror[39m]: [31muncaughtException: listen EADDRINUSE: address already in use :::4000[39m
[31mError: listen EADDRINUSE: address already in use :::4000[39m
[31m    at Server.setupListenHandle [as _listen2] (node:net:1937:16)[39m
[31m    at listenInCluster (node:net:1994:12)[39m
[31m    at Server.listen (node:net:2099:7)[39m
[31m    at /Users/ryandavidoates/resume-2025-novabright/react-graphql-dashboard/node_modules/@apollo/server/src/standalone/index.ts:67:16[39m
[31m    at new Promise (<anonymous>)[39m
[31m    at startStandaloneServer (/Users/ryandavidoates/resume-2025-novabright/react-graphql-dashboard/node_modules/@apollo/server/src/standalone/index.ts:66:9)[39m
[31m    at processTicksAndRejections (node:internal/process/task_queues:105:5)[39m
[31m    at async startServer (/Users/ryandavidoates/resume-2025-novabright/react-graphql-dashboard/backend/src/index.ts:62:21)[39m {
  "error": {
    "code": "EADDRINUSE",
    "errno": -48,
    "syscall": "listen",
    "address": "::",
    "port": 4000
  },
  "stack": "Error: listen EADDRINUSE: address already in use :::4000\n    at Server.setupListenHandle [as _listen2] (node:net:1937:16)\n    at listenInCluster (node:net:1994:12)\n    at Server.listen (node:net:2099:7)\n    at /Users/ryandavidoates/resume-2025-novabright/react-graphql-dashboard/node_modules/@apollo/server/src/standalone/index.ts:67:16\n    at new Promise (<anonymous>)\n    at startStandaloneServer (/Users/ryandavidoates/resume-2025-novabright/react-graphql-dashboard/node_modules/@apollo/server/src/standalone/index.ts:66:9)\n    at processTicksAndRejections (node:internal/process/task_queues:105:5)\n    at async startServer (/Users/ryandavidoates/resume-2025-novabright/react-graphql-dashboard/backend/src/index.ts:62:21)",
  "exception": true,
  "date": "Sun Jun 15 2025 09:48:14 GMT-0700 (Pacific Daylight Time)",
  "process": {
    "pid": 34997,
    "uid": 501,
    "gid": 20,
    "cwd": "/Users/ryandavidoates/resume-2025-novabright/react-graphql-dashboard/backend",
    "execPath": "/usr/local/bin/node",
    "version": "v22.14.0",
    "argv": [
      "/Users/ryandavidoates/resume-2025-novabright/react-graphql-dashboard/node_modules/.bin/ts-node",
      "/Users/ryandavidoates/resume-2025-novabright/react-graphql-dashboard/backend/src/index.ts"
    ],
    "memoryUsage": {
      "rss": 299483136,
      "heapTotal": 150175744,
      "heapUsed": 121099480,
      "external": 7885387,
      "arrayBuffers": 4886168
    }
  },
  "os": {
    "loadavg": [
      6.74462890625,
      11.63037109375,
      12.64306640625
    ],
    "uptime": 5971
  },
  "trace": [
    {
      "column": 16,
      "file": "node:net",
      "function": "Server.setupListenHandle [as _listen2]",
      "line": 1937,
      "method": "setupListenHandle [as _listen2]",
      "native": false
    },
    {
      "column": 12,
      "file": "node:net",
      "function": "listenInCluster",
      "line": 1994,
      "method": null,
      "native": false
    },
    {
      "column": 7,
      "file": "node:net",
      "function": "Server.listen",
      "line": 2099,
      "method": "listen",
      "native": false
    },
    {
      "column": 16,
      "file": "/Users/ryandavidoates/resume-2025-novabright/react-graphql-dashboard/node_modules/@apollo/server/src/standalone/index.ts",
      "function": null,
      "line": 67,
      "method": null,
      "native": false
    },
    {
      "column": null,
      "file": null,
      "function": "new Promise",
      "line": null,
      "method": null,
      "native": false
    },
    {
      "column": 9,
      "file": "/Users/ryandavidoates/resume-2025-novabright/react-graphql-dashboard/node_modules/@apollo/server/src/standalone/index.ts",
      "function": "startStandaloneServer",
      "line": 66,
      "method": null,
      "native": false
    },
    {
      "column": 5,
      "file": "node:internal/process/task_queues",
      "function": "processTicksAndRejections",
      "line": 105,
      "method": null,
      "native": false
    },
    {
      "column": 21,
      "file": "/Users/ryandavidoates/resume-2025-novabright/react-graphql-dashboard/backend/src/index.ts",
      "function": "async startServer",
      "line": 62,
      "method": null,
      "native": false
    }
  ]
}
2025-06-15T16:49:11.295Z [[32minfo[39m]: [32mUserService initialized with 2 mock users[39m
2025-06-15T16:49:11.296Z [[32minfo[39m]: [32mMetricsService initialized with mock data for 4 categories[39m
2025-06-15T16:49:11.297Z [[32minfo[39m]: [32mActivityService initialized with 200 mock activities[39m
2025-06-15T16:49:11.298Z [[32minfo[39m]: [32mPerformanceService initialized with 500 mock metrics[39m
2025-06-15T16:49:11.298Z [[32minfo[39m]: [32mCacheService initialized[39m
2025-06-15T16:49:11.323Z [[32minfo[39m]: [32m🚀 GraphQL Server ready at http://localhost:4000/[39m
2025-06-15T16:49:11.323Z [[32minfo[39m]: [32m🧠 Consciousness visualization endpoints available[39m
2025-06-15T16:49:11.323Z [[32minfo[39m]: [32m📊 Performance monitoring enabled[39m
2025-06-15T16:50:48.553Z [[32minfo[39m]: [32mUserService initialized with 2 mock users[39m
2025-06-15T16:50:48.555Z [[32minfo[39m]: [32mMetricsService initialized with mock data for 4 categories[39m
2025-06-15T16:50:48.555Z [[32minfo[39m]: [32mActivityService initialized with 200 mock activities[39m
2025-06-15T16:50:48.556Z [[32minfo[39m]: [32mPerformanceService initialized with 500 mock metrics[39m
2025-06-15T16:50:48.556Z [[32minfo[39m]: [32mCacheService initialized[39m
2025-06-15T16:50:48.582Z [[31merror[39m]: [31muncaughtException: listen EADDRINUSE: address already in use :::4000[39m
[31mError: listen EADDRINUSE: address already in use :::4000[39m
[31m    at Server.setupListenHandle [as _listen2] (node:net:1937:16)[39m
[31m    at listenInCluster (node:net:1994:12)[39m
[31m    at Server.listen (node:net:2099:7)[39m
[31m    at /Users/ryandavidoates/resume-2025-novabright/react-graphql-dashboard/node_modules/@apollo/server/src/standalone/index.ts:67:16[39m
[31m    at new Promise (<anonymous>)[39m
[31m    at startStandaloneServer (/Users/ryandavidoates/resume-2025-novabright/react-graphql-dashboard/node_modules/@apollo/server/src/standalone/index.ts:66:9)[39m
[31m    at processTicksAndRejections (node:internal/process/task_queues:105:5)[39m
[31m    at async startServer (/Users/ryandavidoates/resume-2025-novabright/react-graphql-dashboard/backend/src/index.ts:62:21)[39m {
  "error": {
    "code": "EADDRINUSE",
    "errno": -48,
    "syscall": "listen",
    "address": "::",
    "port": 4000
  },
  "stack": "Error: listen EADDRINUSE: address already in use :::4000\n    at Server.setupListenHandle [as _listen2] (node:net:1937:16)\n    at listenInCluster (node:net:1994:12)\n    at Server.listen (node:net:2099:7)\n    at /Users/ryandavidoates/resume-2025-novabright/react-graphql-dashboard/node_modules/@apollo/server/src/standalone/index.ts:67:16\n    at new Promise (<anonymous>)\n    at startStandaloneServer (/Users/ryandavidoates/resume-2025-novabright/react-graphql-dashboard/node_modules/@apollo/server/src/standalone/index.ts:66:9)\n    at processTicksAndRejections (node:internal/process/task_queues:105:5)\n    at async startServer (/Users/ryandavidoates/resume-2025-novabright/react-graphql-dashboard/backend/src/index.ts:62:21)",
  "exception": true,
  "date": "Sun Jun 15 2025 09:50:48 GMT-0700 (Pacific Daylight Time)",
  "process": {
    "pid": 36517,
    "uid": 501,
    "gid": 20,
    "cwd": "/Users/ryandavidoates/resume-2025-novabright/react-graphql-dashboard/backend",
    "execPath": "/usr/local/bin/node",
    "version": "v22.14.0",
    "argv": [
      "/Users/ryandavidoates/resume-2025-novabright/react-graphql-dashboard/node_modules/.bin/ts-node",
      "/Users/ryandavidoates/resume-2025-novabright/react-graphql-dashboard/backend/src/index.ts"
    ],
    "memoryUsage": {
      "rss": 292421632,
      "heapTotal": 150175744,
      "heapUsed": 120923312,
      "external": 7885259,
      "arrayBuffers": 4886040
    }
  },
  "os": {
    "loadavg": [
      6.6845703125,
      9.56396484375,
      11.61767578125
    ],
    "uptime": 6125
  },
  "trace": [
    {
      "column": 16,
      "file": "node:net",
      "function": "Server.setupListenHandle [as _listen2]",
      "line": 1937,
      "method": "setupListenHandle [as _listen2]",
      "native": false
    },
    {
      "column": 12,
      "file": "node:net",
      "function": "listenInCluster",
      "line": 1994,
      "method": null,
      "native": false
    },
    {
      "column": 7,
      "file": "node:net",
      "function": "Server.listen",
      "line": 2099,
      "method": "listen",
      "native": false
    },
    {
      "column": 16,
      "file": "/Users/ryandavidoates/resume-2025-novabright/react-graphql-dashboard/node_modules/@apollo/server/src/standalone/index.ts",
      "function": null,
      "line": 67,
      "method": null,
      "native": false
    },
    {
      "column": null,
      "file": null,
      "function": "new Promise",
      "line": null,
      "method": null,
      "native": false
    },
    {
      "column": 9,
      "file": "/Users/ryandavidoates/resume-2025-novabright/react-graphql-dashboard/node_modules/@apollo/server/src/standalone/index.ts",
      "function": "startStandaloneServer",
      "line": 66,
      "method": null,
      "native": false
    },
    {
      "column": 5,
      "file": "node:internal/process/task_queues",
      "function": "processTicksAndRejections",
      "line": 105,
      "method": null,
      "native": false
    },
    {
      "column": 21,
      "file": "/Users/ryandavidoates/resume-2025-novabright/react-graphql-dashboard/backend/src/index.ts",
      "function": "async startServer",
      "line": 62,
      "method": null,
      "native": false
    }
  ]
}
2025-06-15T16:52:53.658Z [[32minfo[39m]: [32mGraphQL Request[39m {
  "operation": "IntrospectionQuery",
  "duration": "19ms",
  "totalRequests": 1,
  "avgLatency": "19ms"
}
2025-06-15T16:52:58.847Z [[32minfo[39m]: [32mGraphQL Request[39m {
  "operation": "IntrospectionQuery",
  "duration": "5ms",
  "totalRequests": 2,
  "avgLatency": "12ms"
}
2025-06-15T16:53:11.334Z [[32minfo[39m]: [32mPerformance Metrics[39m {
  "totalRequests": 2,
  "averageLatency": "12ms",
  "errors": 0,
  "errorRate": "0.00%"
}
2025-06-15T16:53:41.335Z [[32minfo[39m]: [32mPerformance Metrics[39m {
  "totalRequests": 2,
  "averageLatency": "12ms",
  "errors": 0,
  "errorRate": "0.00%"
}
2025-06-15T16:54:11.337Z [[32minfo[39m]: [32mPerformance Metrics[39m {
  "totalRequests": 2,
  "averageLatency": "12ms",
  "errors": 0,
  "errorRate": "0.00%"
}
2025-06-15T16:54:28.509Z [[32minfo[39m]: [32mGraphQL Request[39m {
  "operation": "IntrospectionQuery",
  "duration": "3ms",
  "totalRequests": 3,
  "avgLatency": "9ms"
}
2025-06-15T16:54:33.499Z [[32minfo[39m]: [32mGraphQL Request[39m {
  "operation": "IntrospectionQuery",
  "duration": "2ms",
  "totalRequests": 4,
  "avgLatency": "7ms"
}
2025-06-15T16:54:38.499Z [[32minfo[39m]: [32mGraphQL Request[39m {
  "operation": "IntrospectionQuery",
  "duration": "2ms",
  "totalRequests": 5,
  "avgLatency": "6ms"
}
2025-06-15T16:54:41.338Z [[32minfo[39m]: [32mPerformance Metrics[39m {
  "totalRequests": 5,
  "averageLatency": "6ms",
  "errors": 0,
  "errorRate": "0.00%"
}
2025-06-15T16:54:43.500Z [[32minfo[39m]: [32mGraphQL Request[39m {
  "operation": "IntrospectionQuery",
  "duration": "2ms",
  "totalRequests": 6,
  "avgLatency": "6ms"
}
2025-06-15T16:54:48.503Z [[32minfo[39m]: [32mGraphQL Request[39m {
  "operation": "IntrospectionQuery",
  "duration": "2ms",
  "totalRequests": 7,
  "avgLatency": "5ms"
}
2025-06-15T16:54:53.551Z [[32minfo[39m]: [32mGraphQL Request[39m {
  "operation": "IntrospectionQuery",
  "duration": "3ms",
  "totalRequests": 8,
  "avgLatency": "5ms"
}
2025-06-15T16:54:58.510Z [[32minfo[39m]: [32mGraphQL Request[39m {
  "operation": "IntrospectionQuery",
  "duration": "3ms",
  "totalRequests": 9,
  "avgLatency": "5ms"
}
2025-06-15T16:55:03.512Z [[32minfo[39m]: [32mGraphQL Request[39m {
  "operation": "IntrospectionQuery",
  "duration": "3ms",
  "totalRequests": 10,
  "avgLatency": "4ms"
}
2025-06-15T16:55:08.512Z [[32minfo[39m]: [32mGraphQL Request[39m {
  "operation": "IntrospectionQuery",
  "duration": "2ms",
  "totalRequests": 11,
  "avgLatency": "4ms"
}
2025-06-15T16:55:11.339Z [[32minfo[39m]: [32mPerformance Metrics[39m {
  "totalRequests": 11,
  "averageLatency": "4ms",
  "errors": 0,
  "errorRate": "0.00%"
}
2025-06-15T16:55:41.341Z [[32minfo[39m]: [32mPerformance Metrics[39m {
  "totalRequests": 11,
  "averageLatency": "4ms",
  "errors": 0,
  "errorRate": "0.00%"
}
2025-06-15T16:56:11.343Z [[32minfo[39m]: [32mPerformance Metrics[39m {
  "totalRequests": 11,
  "averageLatency": "4ms",
  "errors": 0,
  "errorRate": "0.00%"
}
2025-06-15T16:56:20.399Z [[32minfo[39m]: [32mGraphQL Request[39m {
  "operation": "IntrospectionQuery",
  "duration": "6ms",
  "totalRequests": 12,
  "avgLatency": "4ms"
}
2025-06-15T16:56:28.492Z [[32minfo[39m]: [32mGraphQL Request[39m {
  "operation": "IntrospectionQuery",
  "duration": "6ms",
  "totalRequests": 13,
  "avgLatency": "4ms"
}
2025-06-15T16:56:33.491Z [[32minfo[39m]: [32mGraphQL Request[39m {
  "operation": "IntrospectionQuery",
  "duration": "7ms",
  "totalRequests": 14,
  "avgLatency": "5ms"
}
2025-06-15T16:56:39.357Z [[32minfo[39m]: [32mGraphQL Request[39m {
  "operation": "IntrospectionQuery",
  "duration": "2ms",
  "totalRequests": 15,
  "avgLatency": "4ms"
}
2025-06-15T16:56:41.343Z [[32minfo[39m]: [32mPerformance Metrics[39m {
  "totalRequests": 15,
  "averageLatency": "4ms",
  "errors": 0,
  "errorRate": "0.00%"
}
2025-06-15T16:56:44.363Z [[32minfo[39m]: [32mGraphQL Request[39m {
  "operation": "IntrospectionQuery",
  "duration": "6ms",
  "totalRequests": 16,
  "avgLatency": "5ms"
}
2025-06-15T16:56:49.363Z [[32minfo[39m]: [32mGraphQL Request[39m {
  "operation": "IntrospectionQuery",
  "duration": "6ms",
  "totalRequests": 17,
  "avgLatency": "5ms"
}
2025-06-15T16:56:54.362Z [[32minfo[39m]: [32mGraphQL Request[39m {
  "operation": "IntrospectionQuery",
  "duration": "5ms",
  "totalRequests": 18,
  "avgLatency": "5ms"
}
2025-06-15T16:56:59.364Z [[32minfo[39m]: [32mGraphQL Request[39m {
  "operation": "IntrospectionQuery",
  "duration": "6ms",
  "totalRequests": 19,
  "avgLatency": "5ms"
}
2025-06-15T16:57:04.365Z [[32minfo[39m]: [32mGraphQL Request[39m {
  "operation": "IntrospectionQuery",
  "duration": "7ms",
  "totalRequests": 20,
  "avgLatency": "5ms"
}
2025-06-15T16:57:09.365Z [[32minfo[39m]: [32mGraphQL Request[39m {
  "operation": "IntrospectionQuery",
  "duration": "7ms",
  "totalRequests": 21,
  "avgLatency": "5ms"
}
2025-06-15T16:57:11.345Z [[32minfo[39m]: [32mPerformance Metrics[39m {
  "totalRequests": 21,
  "averageLatency": "5ms",
  "errors": 0,
  "errorRate": "0.00%"
}
2025-06-15T16:57:14.366Z [[32minfo[39m]: [32mGraphQL Request[39m {
  "operation": "IntrospectionQuery",
  "duration": "6ms",
  "totalRequests": 22,
  "avgLatency": "5ms"
}
2025-06-15T16:57:19.368Z [[32minfo[39m]: [32mGraphQL Request[39m {
  "operation": "IntrospectionQuery",
  "duration": "7ms",
  "totalRequests": 23,
  "avgLatency": "5ms"
}
2025-06-15T16:57:24.368Z [[32minfo[39m]: [32mGraphQL Request[39m {
  "operation": "IntrospectionQuery",
  "duration": "7ms",
  "totalRequests": 24,
  "avgLatency": "5ms"
}
2025-06-15T16:57:29.449Z [[32minfo[39m]: [32mGraphQL Request[39m {
  "operation": "IntrospectionQuery",
  "duration": "7ms",
  "totalRequests": 25,
  "avgLatency": "5ms"
}
2025-06-15T16:57:40.621Z [[32minfo[39m]: [32mGraphQL Request[39m {
  "operation": "IntrospectionQuery",
  "duration": "6ms",
  "totalRequests": 26,
  "avgLatency": "5ms"
}
2025-06-15T16:57:41.346Z [[32minfo[39m]: [32mPerformance Metrics[39m {
  "totalRequests": 26,
  "averageLatency": "5ms",
  "errors": 0,
  "errorRate": "0.00%"
}
2025-06-15T16:57:45.617Z [[32minfo[39m]: [32mGraphQL Request[39m {
  "operation": "IntrospectionQuery",
  "duration": "7ms",
  "totalRequests": 27,
  "avgLatency": "5ms"
}
2025-06-15T16:58:11.347Z [[32minfo[39m]: [32mPerformance Metrics[39m {
  "totalRequests": 27,
  "averageLatency": "5ms",
  "errors": 0,
  "errorRate": "0.00%"
}
2025-06-15T16:58:41.349Z [[32minfo[39m]: [32mPerformance Metrics[39m {
  "totalRequests": 27,
  "averageLatency": "5ms",
  "errors": 0,
  "errorRate": "0.00%"
}
2025-06-15T16:59:02.851Z [[32minfo[39m]: [32mGraphQL Request[39m {
  "operation": "IntrospectionQuery",
  "duration": "6ms",
  "totalRequests": 28,
  "avgLatency": "5ms"
}
2025-06-15T16:59:07.940Z [[32minfo[39m]: [32mGraphQL Request[39m {
  "operation": "IntrospectionQuery",
  "duration": "3ms",
  "totalRequests": 29,
  "avgLatency": "5ms"
}
2025-06-15T16:59:11.352Z [[32minfo[39m]: [32mPerformance Metrics[39m {
  "totalRequests": 29,
  "averageLatency": "5ms",
  "errors": 0,
  "errorRate": "0.00%"
}
2025-06-15T16:59:12.946Z [[32minfo[39m]: [32mGraphQL Request[39m {
  "operation": "IntrospectionQuery",
  "duration": "5ms",
  "totalRequests": 30,
  "avgLatency": "5ms"
}
2025-06-15T16:59:22.437Z [[32minfo[39m]: [32mGraphQL Request[39m {
  "operation": "IntrospectionQuery",
  "duration": "7ms",
  "totalRequests": 31,
  "avgLatency": "5ms"
}
2025-06-15T16:59:27.435Z [[32minfo[39m]: [32mGraphQL Request[39m {
  "operation": "IntrospectionQuery",
  "duration": "5ms",
  "totalRequests": 32,
  "avgLatency": "5ms"
}
2025-06-15T16:59:32.434Z [[32minfo[39m]: [32mGraphQL Request[39m {
  "operation": "IntrospectionQuery",
  "duration": "6ms",
  "totalRequests": 33,
  "avgLatency": "5ms"
}
2025-06-15T16:59:37.437Z [[32minfo[39m]: [32mGraphQL Request[39m {
  "operation": "IntrospectionQuery",
  "duration": "6ms",
  "totalRequests": 34,
  "avgLatency": "5ms"
}
2025-06-15T16:59:41.353Z [[32minfo[39m]: [32mPerformance Metrics[39m {
  "totalRequests": 34,
  "averageLatency": "5ms",
  "errors": 0,
  "errorRate": "0.00%"
}
2025-06-15T16:59:42.432Z [[32minfo[39m]: [32mGraphQL Request[39m {
  "operation": "IntrospectionQuery",
  "duration": "2ms",
  "totalRequests": 35,
  "avgLatency": "5ms"
}
2025-06-15T16:59:47.437Z [[32minfo[39m]: [32mGraphQL Request[39m {
  "operation": "IntrospectionQuery",
  "duration": "5ms",
  "totalRequests": 36,
  "avgLatency": "5ms"
}
2025-06-15T16:59:52.438Z [[32minfo[39m]: [32mGraphQL Request[39m {
  "operation": "IntrospectionQuery",
  "duration": "3ms",
  "totalRequests": 37,
  "avgLatency": "5ms"
}
2025-06-15T16:59:57.451Z [[32minfo[39m]: [32mGraphQL Request[39m {
  "operation": "IntrospectionQuery",
  "duration": "4ms",
  "totalRequests": 38,
  "avgLatency": "5ms"
}
2025-06-15T17:00:02.465Z [[32minfo[39m]: [32mGraphQL Request[39m {
  "operation": "IntrospectionQuery",
  "duration": "7ms",
  "totalRequests": 39,
  "avgLatency": "5ms"
}
2025-06-15T17:00:07.472Z [[32minfo[39m]: [32mGraphQL Request[39m {
  "operation": "IntrospectionQuery",
  "duration": "6ms",
  "totalRequests": 40,
  "avgLatency": "5ms"
}
2025-06-15T17:00:11.354Z [[32minfo[39m]: [32mPerformance Metrics[39m {
  "totalRequests": 40,
  "averageLatency": "5ms",
  "errors": 0,
  "errorRate": "0.00%"
}
2025-06-15T17:00:12.483Z [[32minfo[39m]: [32mGraphQL Request[39m {
  "operation": "IntrospectionQuery",
  "duration": "6ms",
  "totalRequests": 41,
  "avgLatency": "5ms"
}
2025-06-15T17:00:17.492Z [[32minfo[39m]: [32mGraphQL Request[39m {
  "operation": "IntrospectionQuery",
  "duration": "6ms",
  "totalRequests": 42,
  "avgLatency": "5ms"
}
2025-06-15T17:00:22.501Z [[32minfo[39m]: [32mGraphQL Request[39m {
  "operation": "IntrospectionQuery",
  "duration": "5ms",
  "totalRequests": 43,
  "avgLatency": "5ms"
}
2025-06-15T17:00:27.508Z [[32minfo[39m]: [32mGraphQL Request[39m {
  "operation": "IntrospectionQuery",
  "duration": "3ms",
  "totalRequests": 44,
  "avgLatency": "5ms"
}
2025-06-15T17:00:32.521Z [[32minfo[39m]: [32mGraphQL Request[39m {
  "operation": "IntrospectionQuery",
  "duration": "6ms",
  "totalRequests": 45,
  "avgLatency": "5ms"
}
2025-06-15T17:00:37.533Z [[32minfo[39m]: [32mGraphQL Request[39m {
  "operation": "IntrospectionQuery",
  "duration": "6ms",
  "totalRequests": 46,
  "avgLatency": "5ms"
}
2025-06-15T17:00:41.355Z [[32minfo[39m]: [32mPerformance Metrics[39m {
  "totalRequests": 46,
  "averageLatency": "5ms",
  "errors": 0,
  "errorRate": "0.00%"
}
2025-06-15T17:00:48.969Z [[32minfo[39m]: [32mGraphQL Request[39m {
  "operation": "IntrospectionQuery",
  "duration": "5ms",
  "totalRequests": 47,
  "avgLatency": "5ms"
}
2025-06-15T17:01:11.356Z [[32minfo[39m]: [32mPerformance Metrics[39m {
  "totalRequests": 47,
  "averageLatency": "5ms",
  "errors": 0,
  "errorRate": "0.00%"
}
2025-06-15T17:01:41.357Z [[32minfo[39m]: [32mPerformance Metrics[39m {
  "totalRequests": 47,
  "averageLatency": "5ms",
  "errors": 0,
  "errorRate": "0.00%"
}
2025-06-15T17:01:47.296Z [[32minfo[39m]: [32mShutting down GraphQL server...[39m
2025-06-15T17:13:19.863Z [[32minfo[39m]: [32mUserService initialized with 2 mock users[39m
2025-06-15T17:13:19.865Z [[32minfo[39m]: [32mMetricsService initialized with mock data for 4 categories[39m
2025-06-15T17:13:19.866Z [[32minfo[39m]: [32mActivityService initialized with 200 mock activities[39m
2025-06-15T17:13:19.866Z [[32minfo[39m]: [32mPerformanceService initialized with 500 mock metrics[39m
2025-06-15T17:13:19.866Z [[32minfo[39m]: [32mCacheService initialized[39m
2025-06-15T17:13:19.897Z [[32minfo[39m]: [32m🚀 GraphQL Server ready at http://localhost:4000/[39m
2025-06-15T17:13:19.897Z [[32minfo[39m]: [32m🧠 Consciousness visualization endpoints available[39m
2025-06-15T17:13:19.897Z [[32minfo[39m]: [32m📊 Performance monitoring enabled[39m
2025-06-15T17:15:07.126Z [[32minfo[39m]: [32mGraphQL Request[39m {
  "operation": "IntrospectionQuery",
  "duration": "13ms",
  "totalRequests": 1,
  "avgLatency": "13ms"
}
2025-06-15T17:15:12.294Z [[32minfo[39m]: [32mGraphQL Request[39m {
  "operation": "IntrospectionQuery",
  "duration": "10ms",
  "totalRequests": 2,
  "avgLatency": "12ms"
}
2025-06-15T17:15:19.894Z [[32minfo[39m]: [32mPerformance Metrics[39m {
  "totalRequests": 2,
  "averageLatency": "12ms",
  "errors": 0,
  "errorRate": "0.00%"
}
2025-06-15T17:15:48.758Z [[32minfo[39m]: [32mGraphQL Request[39m {
  "operation": "IntrospectionQuery",
  "duration": "6ms",
  "totalRequests": 3,
  "avgLatency": "10ms"
}
2025-06-15T17:15:49.895Z [[32minfo[39m]: [32mPerformance Metrics[39m {
  "totalRequests": 3,
  "averageLatency": "10ms",
  "errors": 0,
  "errorRate": "0.00%"
}
2025-06-15T17:16:19.896Z [[32minfo[39m]: [32mPerformance Metrics[39m {
  "totalRequests": 3,
  "averageLatency": "10ms",
  "errors": 0,
  "errorRate": "0.00%"
}
2025-06-15T17:16:21.352Z [[32minfo[39m]: [32mGraphQL Request[39m {
  "operation": "IntrospectionQuery",
  "duration": "6ms",
  "totalRequests": 4,
  "avgLatency": "9ms"
}
2025-06-15T17:16:37.849Z [[32minfo[39m]: [32mUserService initialized with 2 mock users[39m
2025-06-15T17:16:37.850Z [[32minfo[39m]: [32mMetricsService initialized with mock data for 4 categories[39m
2025-06-15T17:16:37.851Z [[32minfo[39m]: [32mActivityService initialized with 200 mock activities[39m
2025-06-15T17:16:37.851Z [[32minfo[39m]: [32mPerformanceService initialized with 500 mock metrics[39m
2025-06-15T17:16:37.851Z [[32minfo[39m]: [32mCacheService initialized[39m
2025-06-15T17:16:37.878Z [[31merror[39m]: [31muncaughtException: listen EADDRINUSE: address already in use :::4000[39m
[31mError: listen EADDRINUSE: address already in use :::4000[39m
[31m    at Server.setupListenHandle [as _listen2] (node:net:1937:16)[39m
[31m    at listenInCluster (node:net:1994:12)[39m
[31m    at Server.listen (node:net:2099:7)[39m
[31m    at /Users/ryandavidoates/resume-2025-novabright/react-graphql-dashboard/node_modules/@apollo/server/src/standalone/index.ts:67:16[39m
[31m    at new Promise (<anonymous>)[39m
[31m    at startStandaloneServer (/Users/ryandavidoates/resume-2025-novabright/react-graphql-dashboard/node_modules/@apollo/server/src/standalone/index.ts:66:9)[39m
[31m    at processTicksAndRejections (node:internal/process/task_queues:105:5)[39m
[31m    at async startServer (/Users/ryandavidoates/resume-2025-novabright/react-graphql-dashboard/backend/src/index.ts:62:21)[39m {
  "error": {
    "code": "EADDRINUSE",
    "errno": -48,
    "syscall": "listen",
    "address": "::",
    "port": 4000
  },
  "stack": "Error: listen EADDRINUSE: address already in use :::4000\n    at Server.setupListenHandle [as _listen2] (node:net:1937:16)\n    at listenInCluster (node:net:1994:12)\n    at Server.listen (node:net:2099:7)\n    at /Users/ryandavidoates/resume-2025-novabright/react-graphql-dashboard/node_modules/@apollo/server/src/standalone/index.ts:67:16\n    at new Promise (<anonymous>)\n    at startStandaloneServer (/Users/ryandavidoates/resume-2025-novabright/react-graphql-dashboard/node_modules/@apollo/server/src/standalone/index.ts:66:9)\n    at processTicksAndRejections (node:internal/process/task_queues:105:5)\n    at async startServer (/Users/ryandavidoates/resume-2025-novabright/react-graphql-dashboard/backend/src/index.ts:62:21)",
  "exception": true,
  "date": "Sun Jun 15 2025 10:16:37 GMT-0700 (Pacific Daylight Time)",
  "process": {
    "pid": 49422,
    "uid": 501,
    "gid": 20,
    "cwd": "/Users/ryandavidoates/resume-2025-novabright/react-graphql-dashboard/backend",
    "execPath": "/usr/local/bin/node",
    "version": "v22.14.0",
    "argv": [
      "/Users/ryandavidoates/resume-2025-novabright/react-graphql-dashboard/node_modules/.bin/ts-node",
      "/Users/ryandavidoates/resume-2025-novabright/react-graphql-dashboard/backend/src/index.ts"
    ],
    "memoryUsage": {
      "rss": 302678016,
      "heapTotal": 162398208,
      "heapUsed": 127880168,
      "external": 7882521,
      "arrayBuffers": 4883302
    }
  },
  "os": {
    "loadavg": [
      5.69970703125,
      6.82373046875,
      7.830078125
    ],
    "uptime": 7674
  },
  "trace": [
    {
      "column": 16,
      "file": "node:net",
      "function": "Server.setupListenHandle [as _listen2]",
      "line": 1937,
      "method": "setupListenHandle [as _listen2]",
      "native": false
    },
    {
      "column": 12,
      "file": "node:net",
      "function": "listenInCluster",
      "line": 1994,
      "method": null,
      "native": false
    },
    {
      "column": 7,
      "file": "node:net",
      "function": "Server.listen",
      "line": 2099,
      "method": "listen",
      "native": false
    },
    {
      "column": 16,
      "file": "/Users/ryandavidoates/resume-2025-novabright/react-graphql-dashboard/node_modules/@apollo/server/src/standalone/index.ts",
      "function": null,
      "line": 67,
      "method": null,
      "native": false
    },
    {
      "column": null,
      "file": null,
      "function": "new Promise",
      "line": null,
      "method": null,
      "native": false
    },
    {
      "column": 9,
      "file": "/Users/ryandavidoates/resume-2025-novabright/react-graphql-dashboard/node_modules/@apollo/server/src/standalone/index.ts",
      "function": "startStandaloneServer",
      "line": 66,
      "method": null,
      "native": false
    },
    {
      "column": 5,
      "file": "node:internal/process/task_queues",
      "function": "processTicksAndRejections",
      "line": 105,
      "method": null,
      "native": false
    },
    {
      "column": 21,
      "file": "/Users/ryandavidoates/resume-2025-novabright/react-graphql-dashboard/backend/src/index.ts",
      "function": "async startServer",
      "line": 62,
      "method": null,
      "native": false
    }
  ]
}
2025-06-15T17:16:49.625Z [[32minfo[39m]: [32mGraphQL Request[39m {
  "operation": "IntrospectionQuery",
  "duration": "8ms",
  "totalRequests": 5,
  "avgLatency": "9ms"
}
2025-06-15T17:16:49.898Z [[32minfo[39m]: [32mPerformance Metrics[39m {
  "totalRequests": 5,
  "averageLatency": "9ms",
  "errors": 0,
  "errorRate": "0.00%"
}
2025-06-15T17:16:54.621Z [[32minfo[39m]: [32mGraphQL Request[39m {
  "operation": "IntrospectionQuery",
  "duration": "6ms",
  "totalRequests": 6,
  "avgLatency": "8ms"
}
2025-06-15T17:16:59.622Z [[32minfo[39m]: [32mGraphQL Request[39m {
  "operation": "IntrospectionQuery",
  "duration": "6ms",
  "totalRequests": 7,
  "avgLatency": "8ms"
}
2025-06-15T17:17:04.623Z [[32minfo[39m]: [32mGraphQL Request[39m {
  "operation": "IntrospectionQuery",
  "duration": "6ms",
  "totalRequests": 8,
  "avgLatency": "8ms"
}
2025-06-15T17:17:13.937Z [[32minfo[39m]: [32mGraphQL Request[39m {
  "operation": "IntrospectionQuery",
  "duration": "6ms",
  "totalRequests": 9,
  "avgLatency": "7ms"
}
2025-06-15T17:17:18.935Z [[32minfo[39m]: [32mGraphQL Request[39m {
  "operation": "IntrospectionQuery",
  "duration": "8ms",
  "totalRequests": 10,
  "avgLatency": "8ms"
}
2025-06-15T17:17:19.899Z [[32minfo[39m]: [32mPerformance Metrics[39m {
  "totalRequests": 10,
  "averageLatency": "8ms",
  "errors": 0,
  "errorRate": "0.00%"
}
2025-06-15T17:17:23.934Z [[32minfo[39m]: [32mGraphQL Request[39m {
  "operation": "IntrospectionQuery",
  "duration": "6ms",
  "totalRequests": 11,
  "avgLatency": "7ms"
}
2025-06-15T17:17:49.900Z [[32minfo[39m]: [32mPerformance Metrics[39m {
  "totalRequests": 11,
  "averageLatency": "7ms",
  "errors": 0,
  "errorRate": "0.00%"
}
2025-06-15T17:17:56.650Z [[32minfo[39m]: [32mGraphQL Request[39m {
  "operation": "IntrospectionQuery",
  "duration": "6ms",
  "totalRequests": 12,
  "avgLatency": "7ms"
}
2025-06-15T17:18:01.648Z [[32minfo[39m]: [32mGraphQL Request[39m {
  "operation": "IntrospectionQuery",
  "duration": "6ms",
  "totalRequests": 13,
  "avgLatency": "7ms"
}
2025-06-15T17:18:06.648Z [[32minfo[39m]: [32mGraphQL Request[39m {
  "operation": "IntrospectionQuery",
  "duration": "5ms",
  "totalRequests": 14,
  "avgLatency": "7ms"
}
2025-06-15T17:18:11.648Z [[32minfo[39m]: [32mGraphQL Request[39m {
  "operation": "IntrospectionQuery",
  "duration": "6ms",
  "totalRequests": 15,
  "avgLatency": "7ms"
}
2025-06-15T17:18:16.646Z [[32minfo[39m]: [32mGraphQL Request[39m {
  "operation": "IntrospectionQuery",
  "duration": "3ms",
  "totalRequests": 16,
  "avgLatency": "7ms"
}
2025-06-15T17:18:19.902Z [[32minfo[39m]: [32mPerformance Metrics[39m {
  "totalRequests": 16,
  "averageLatency": "7ms",
  "errors": 0,
  "errorRate": "0.00%"
}
2025-06-15T17:18:21.649Z [[32minfo[39m]: [32mGraphQL Request[39m {
  "operation": "IntrospectionQuery",
  "duration": "5ms",
  "totalRequests": 17,
  "avgLatency": "7ms"
}
2025-06-15T17:18:27.647Z [[32minfo[39m]: [32mGraphQL Request[39m {
  "operation": "IntrospectionQuery",
  "duration": "2ms",
  "totalRequests": 18,
  "avgLatency": "6ms"
}
2025-06-15T17:18:32.652Z [[32minfo[39m]: [32mGraphQL Request[39m {
  "operation": "IntrospectionQuery",
  "duration": "7ms",
  "totalRequests": 19,
  "avgLatency": "6ms"
}
2025-06-15T17:18:34.422Z [[32minfo[39m]: [32mGraphQL Request[39m {
  "operation": "IntrospectionQuery",
  "duration": "6ms",
  "totalRequests": 20,
  "avgLatency": "6ms"
}
2025-06-15T17:18:39.551Z [[32minfo[39m]: [32mGraphQL Request[39m {
  "operation": "IntrospectionQuery",
  "duration": "4ms",
  "totalRequests": 21,
  "avgLatency": "6ms"
}
2025-06-15T17:18:47.224Z [[32minfo[39m]: [32mGraphQL Request[39m {
  "operation": "IntrospectionQuery",
  "duration": "6ms",
  "totalRequests": 22,
  "avgLatency": "6ms"
}
2025-06-15T17:18:49.904Z [[32minfo[39m]: [32mPerformance Metrics[39m {
  "totalRequests": 22,
  "averageLatency": "6ms",
  "errors": 0,
  "errorRate": "0.00%"
}
2025-06-15T17:19:19.905Z [[32minfo[39m]: [32mPerformance Metrics[39m {
  "totalRequests": 22,
  "averageLatency": "6ms",
  "errors": 0,
  "errorRate": "0.00%"
}
2025-06-15T17:19:49.907Z [[32minfo[39m]: [32mPerformance Metrics[39m {
  "totalRequests": 22,
  "averageLatency": "6ms",
  "errors": 0,
  "errorRate": "0.00%"
}
2025-06-15T17:20:17.219Z [[32minfo[39m]: [32mGraphQL Request[39m {
  "operation": "IntrospectionQuery",
  "duration": "6ms",
  "totalRequests": 23,
  "avgLatency": "6ms"
}
2025-06-15T17:20:19.908Z [[32minfo[39m]: [32mPerformance Metrics[39m {
  "totalRequests": 23,
  "averageLatency": "6ms",
  "errors": 0,
  "errorRate": "0.00%"
}
2025-06-15T17:20:22.215Z [[32minfo[39m]: [32mGraphQL Request[39m {
  "operation": "IntrospectionQuery",
  "duration": "2ms",
  "totalRequests": 24,
  "avgLatency": "6ms"
}
2025-06-15T17:20:27.219Z [[32minfo[39m]: [32mGraphQL Request[39m {
  "operation": "IntrospectionQuery",
  "duration": "6ms",
  "totalRequests": 25,
  "avgLatency": "6ms"
}
2025-06-15T17:20:32.218Z [[32minfo[39m]: [32mGraphQL Request[39m {
  "operation": "IntrospectionQuery",
  "duration": "6ms",
  "totalRequests": 26,
  "avgLatency": "6ms"
}
2025-06-15T17:20:40.769Z [[32minfo[39m]: [32mGraphQL Request[39m {
  "operation": "IntrospectionQuery",
  "duration": "5ms",
  "totalRequests": 27,
  "avgLatency": "6ms"
}
2025-06-15T17:20:49.910Z [[32minfo[39m]: [32mPerformance Metrics[39m {
  "totalRequests": 27,
  "averageLatency": "6ms",
  "errors": 0,
  "errorRate": "0.00%"
}
2025-06-15T17:20:53.034Z [[32minfo[39m]: [32mGraphQL Request[39m {
  "operation": "IntrospectionQuery",
  "duration": "7ms",
  "totalRequests": 28,
  "avgLatency": "6ms"
}
2025-06-15T17:21:19.911Z [[32minfo[39m]: [32mPerformance Metrics[39m {
  "totalRequests": 28,
  "averageLatency": "6ms",
  "errors": 0,
  "errorRate": "0.00%"
}
