2025-06-15T16:48:14.159Z [[31merror[39m]: [31muncaughtException: listen EADDRINUSE: address already in use :::4000[39m
[31mError: listen EADDRINUSE: address already in use :::4000[39m
[31m    at Server.setupListenHandle [as _listen2] (node:net:1937:16)[39m
[31m    at listenInCluster (node:net:1994:12)[39m
[31m    at Server.listen (node:net:2099:7)[39m
[31m    at /Users/ryandavidoates/resume-2025-novabright/react-graphql-dashboard/node_modules/@apollo/server/src/standalone/index.ts:67:16[39m
[31m    at new Promise (<anonymous>)[39m
[31m    at startStandaloneServer (/Users/ryandavidoates/resume-2025-novabright/react-graphql-dashboard/node_modules/@apollo/server/src/standalone/index.ts:66:9)[39m
[31m    at processTicksAndRejections (node:internal/process/task_queues:105:5)[39m
[31m    at async startServer (/Users/ryandavidoates/resume-2025-novabright/react-graphql-dashboard/backend/src/index.ts:62:21)[39m {
  "error": {
    "code": "EADDRINUSE",
    "errno": -48,
    "syscall": "listen",
    "address": "::",
    "port": 4000
  },
  "stack": "Error: listen EADDRINUSE: address already in use :::4000\n    at Server.setupListenHandle [as _listen2] (node:net:1937:16)\n    at listenInCluster (node:net:1994:12)\n    at Server.listen (node:net:2099:7)\n    at /Users/ryandavidoates/resume-2025-novabright/react-graphql-dashboard/node_modules/@apollo/server/src/standalone/index.ts:67:16\n    at new Promise (<anonymous>)\n    at startStandaloneServer (/Users/ryandavidoates/resume-2025-novabright/react-graphql-dashboard/node_modules/@apollo/server/src/standalone/index.ts:66:9)\n    at processTicksAndRejections (node:internal/process/task_queues:105:5)\n    at async startServer (/Users/ryandavidoates/resume-2025-novabright/react-graphql-dashboard/backend/src/index.ts:62:21)",
  "exception": true,
  "date": "Sun Jun 15 2025 09:48:14 GMT-0700 (Pacific Daylight Time)",
  "process": {
    "pid": 34997,
    "uid": 501,
    "gid": 20,
    "cwd": "/Users/ryandavidoates/resume-2025-novabright/react-graphql-dashboard/backend",
    "execPath": "/usr/local/bin/node",
    "version": "v22.14.0",
    "argv": [
      "/Users/ryandavidoates/resume-2025-novabright/react-graphql-dashboard/node_modules/.bin/ts-node",
      "/Users/ryandavidoates/resume-2025-novabright/react-graphql-dashboard/backend/src/index.ts"
    ],
    "memoryUsage": {
      "rss": 299483136,
      "heapTotal": 150175744,
      "heapUsed": 121099480,
      "external": 7885387,
      "arrayBuffers": 4886168
    }
  },
  "os": {
    "loadavg": [
      6.74462890625,
      11.63037109375,
      12.64306640625
    ],
    "uptime": 5971
  },
  "trace": [
    {
      "column": 16,
      "file": "node:net",
      "function": "Server.setupListenHandle [as _listen2]",
      "line": 1937,
      "method": "setupListenHandle [as _listen2]",
      "native": false
    },
    {
      "column": 12,
      "file": "node:net",
      "function": "listenInCluster",
      "line": 1994,
      "method": null,
      "native": false
    },
    {
      "column": 7,
      "file": "node:net",
      "function": "Server.listen",
      "line": 2099,
      "method": "listen",
      "native": false
    },
    {
      "column": 16,
      "file": "/Users/ryandavidoates/resume-2025-novabright/react-graphql-dashboard/node_modules/@apollo/server/src/standalone/index.ts",
      "function": null,
      "line": 67,
      "method": null,
      "native": false
    },
    {
      "column": null,
      "file": null,
      "function": "new Promise",
      "line": null,
      "method": null,
      "native": false
    },
    {
      "column": 9,
      "file": "/Users/ryandavidoates/resume-2025-novabright/react-graphql-dashboard/node_modules/@apollo/server/src/standalone/index.ts",
      "function": "startStandaloneServer",
      "line": 66,
      "method": null,
      "native": false
    },
    {
      "column": 5,
      "file": "node:internal/process/task_queues",
      "function": "processTicksAndRejections",
      "line": 105,
      "method": null,
      "native": false
    },
    {
      "column": 21,
      "file": "/Users/ryandavidoates/resume-2025-novabright/react-graphql-dashboard/backend/src/index.ts",
      "function": "async startServer",
      "line": 62,
      "method": null,
      "native": false
    }
  ]
}
2025-06-15T16:50:48.582Z [[31merror[39m]: [31muncaughtException: listen EADDRINUSE: address already in use :::4000[39m
[31mError: listen EADDRINUSE: address already in use :::4000[39m
[31m    at Server.setupListenHandle [as _listen2] (node:net:1937:16)[39m
[31m    at listenInCluster (node:net:1994:12)[39m
[31m    at Server.listen (node:net:2099:7)[39m
[31m    at /Users/ryandavidoates/resume-2025-novabright/react-graphql-dashboard/node_modules/@apollo/server/src/standalone/index.ts:67:16[39m
[31m    at new Promise (<anonymous>)[39m
[31m    at startStandaloneServer (/Users/ryandavidoates/resume-2025-novabright/react-graphql-dashboard/node_modules/@apollo/server/src/standalone/index.ts:66:9)[39m
[31m    at processTicksAndRejections (node:internal/process/task_queues:105:5)[39m
[31m    at async startServer (/Users/ryandavidoates/resume-2025-novabright/react-graphql-dashboard/backend/src/index.ts:62:21)[39m {
  "error": {
    "code": "EADDRINUSE",
    "errno": -48,
    "syscall": "listen",
    "address": "::",
    "port": 4000
  },
  "stack": "Error: listen EADDRINUSE: address already in use :::4000\n    at Server.setupListenHandle [as _listen2] (node:net:1937:16)\n    at listenInCluster (node:net:1994:12)\n    at Server.listen (node:net:2099:7)\n    at /Users/ryandavidoates/resume-2025-novabright/react-graphql-dashboard/node_modules/@apollo/server/src/standalone/index.ts:67:16\n    at new Promise (<anonymous>)\n    at startStandaloneServer (/Users/ryandavidoates/resume-2025-novabright/react-graphql-dashboard/node_modules/@apollo/server/src/standalone/index.ts:66:9)\n    at processTicksAndRejections (node:internal/process/task_queues:105:5)\n    at async startServer (/Users/ryandavidoates/resume-2025-novabright/react-graphql-dashboard/backend/src/index.ts:62:21)",
  "exception": true,
  "date": "Sun Jun 15 2025 09:50:48 GMT-0700 (Pacific Daylight Time)",
  "process": {
    "pid": 36517,
    "uid": 501,
    "gid": 20,
    "cwd": "/Users/ryandavidoates/resume-2025-novabright/react-graphql-dashboard/backend",
    "execPath": "/usr/local/bin/node",
    "version": "v22.14.0",
    "argv": [
      "/Users/ryandavidoates/resume-2025-novabright/react-graphql-dashboard/node_modules/.bin/ts-node",
      "/Users/ryandavidoates/resume-2025-novabright/react-graphql-dashboard/backend/src/index.ts"
    ],
    "memoryUsage": {
      "rss": 292421632,
      "heapTotal": 150175744,
      "heapUsed": 120923312,
      "external": 7885259,
      "arrayBuffers": 4886040
    }
  },
  "os": {
    "loadavg": [
      6.6845703125,
      9.56396484375,
      11.61767578125
    ],
    "uptime": 6125
  },
  "trace": [
    {
      "column": 16,
      "file": "node:net",
      "function": "Server.setupListenHandle [as _listen2]",
      "line": 1937,
      "method": "setupListenHandle [as _listen2]",
      "native": false
    },
    {
      "column": 12,
      "file": "node:net",
      "function": "listenInCluster",
      "line": 1994,
      "method": null,
      "native": false
    },
    {
      "column": 7,
      "file": "node:net",
      "function": "Server.listen",
      "line": 2099,
      "method": "listen",
      "native": false
    },
    {
      "column": 16,
      "file": "/Users/ryandavidoates/resume-2025-novabright/react-graphql-dashboard/node_modules/@apollo/server/src/standalone/index.ts",
      "function": null,
      "line": 67,
      "method": null,
      "native": false
    },
    {
      "column": null,
      "file": null,
      "function": "new Promise",
      "line": null,
      "method": null,
      "native": false
    },
    {
      "column": 9,
      "file": "/Users/ryandavidoates/resume-2025-novabright/react-graphql-dashboard/node_modules/@apollo/server/src/standalone/index.ts",
      "function": "startStandaloneServer",
      "line": 66,
      "method": null,
      "native": false
    },
    {
      "column": 5,
      "file": "node:internal/process/task_queues",
      "function": "processTicksAndRejections",
      "line": 105,
      "method": null,
      "native": false
    },
    {
      "column": 21,
      "file": "/Users/ryandavidoates/resume-2025-novabright/react-graphql-dashboard/backend/src/index.ts",
      "function": "async startServer",
      "line": 62,
      "method": null,
      "native": false
    }
  ]
}
2025-06-15T17:16:37.878Z [[31merror[39m]: [31muncaughtException: listen EADDRINUSE: address already in use :::4000[39m
[31mError: listen EADDRINUSE: address already in use :::4000[39m
[31m    at Server.setupListenHandle [as _listen2] (node:net:1937:16)[39m
[31m    at listenInCluster (node:net:1994:12)[39m
[31m    at Server.listen (node:net:2099:7)[39m
[31m    at /Users/ryandavidoates/resume-2025-novabright/react-graphql-dashboard/node_modules/@apollo/server/src/standalone/index.ts:67:16[39m
[31m    at new Promise (<anonymous>)[39m
[31m    at startStandaloneServer (/Users/ryandavidoates/resume-2025-novabright/react-graphql-dashboard/node_modules/@apollo/server/src/standalone/index.ts:66:9)[39m
[31m    at processTicksAndRejections (node:internal/process/task_queues:105:5)[39m
[31m    at async startServer (/Users/ryandavidoates/resume-2025-novabright/react-graphql-dashboard/backend/src/index.ts:62:21)[39m {
  "error": {
    "code": "EADDRINUSE",
    "errno": -48,
    "syscall": "listen",
    "address": "::",
    "port": 4000
  },
  "stack": "Error: listen EADDRINUSE: address already in use :::4000\n    at Server.setupListenHandle [as _listen2] (node:net:1937:16)\n    at listenInCluster (node:net:1994:12)\n    at Server.listen (node:net:2099:7)\n    at /Users/ryandavidoates/resume-2025-novabright/react-graphql-dashboard/node_modules/@apollo/server/src/standalone/index.ts:67:16\n    at new Promise (<anonymous>)\n    at startStandaloneServer (/Users/ryandavidoates/resume-2025-novabright/react-graphql-dashboard/node_modules/@apollo/server/src/standalone/index.ts:66:9)\n    at processTicksAndRejections (node:internal/process/task_queues:105:5)\n    at async startServer (/Users/ryandavidoates/resume-2025-novabright/react-graphql-dashboard/backend/src/index.ts:62:21)",
  "exception": true,
  "date": "Sun Jun 15 2025 10:16:37 GMT-0700 (Pacific Daylight Time)",
  "process": {
    "pid": 49422,
    "uid": 501,
    "gid": 20,
    "cwd": "/Users/ryandavidoates/resume-2025-novabright/react-graphql-dashboard/backend",
    "execPath": "/usr/local/bin/node",
    "version": "v22.14.0",
    "argv": [
      "/Users/ryandavidoates/resume-2025-novabright/react-graphql-dashboard/node_modules/.bin/ts-node",
      "/Users/ryandavidoates/resume-2025-novabright/react-graphql-dashboard/backend/src/index.ts"
    ],
    "memoryUsage": {
      "rss": 302678016,
      "heapTotal": 162398208,
      "heapUsed": 127880168,
      "external": 7882521,
      "arrayBuffers": 4883302
    }
  },
  "os": {
    "loadavg": [
      5.69970703125,
      6.82373046875,
      7.830078125
    ],
    "uptime": 7674
  },
  "trace": [
    {
      "column": 16,
      "file": "node:net",
      "function": "Server.setupListenHandle [as _listen2]",
      "line": 1937,
      "method": "setupListenHandle [as _listen2]",
      "native": false
    },
    {
      "column": 12,
      "file": "node:net",
      "function": "listenInCluster",
      "line": 1994,
      "method": null,
      "native": false
    },
    {
      "column": 7,
      "file": "node:net",
      "function": "Server.listen",
      "line": 2099,
      "method": "listen",
      "native": false
    },
    {
      "column": 16,
      "file": "/Users/ryandavidoates/resume-2025-novabright/react-graphql-dashboard/node_modules/@apollo/server/src/standalone/index.ts",
      "function": null,
      "line": 67,
      "method": null,
      "native": false
    },
    {
      "column": null,
      "file": null,
      "function": "new Promise",
      "line": null,
      "method": null,
      "native": false
    },
    {
      "column": 9,
      "file": "/Users/ryandavidoates/resume-2025-novabright/react-graphql-dashboard/node_modules/@apollo/server/src/standalone/index.ts",
      "function": "startStandaloneServer",
      "line": 66,
      "method": null,
      "native": false
    },
    {
      "column": 5,
      "file": "node:internal/process/task_queues",
      "function": "processTicksAndRejections",
      "line": 105,
      "method": null,
      "native": false
    },
    {
      "column": 21,
      "file": "/Users/ryandavidoates/resume-2025-novabright/react-graphql-dashboard/backend/src/index.ts",
      "function": "async startServer",
      "line": 62,
      "method": null,
      "native": false
    }
  ]
}
2025-06-15T17:23:57.192Z [[31merror[39m]: [31muncaughtException: listen EADDRINUSE: address already in use :::4000[39m
[31mError: listen EADDRINUSE: address already in use :::4000[39m
[31m    at Server.setupListenHandle [as _listen2] (node:net:1937:16)[39m
[31m    at listenInCluster (node:net:1994:12)[39m
[31m    at Server.listen (node:net:2099:7)[39m
[31m    at /Users/ryandavidoates/resume-2025-novabright/react-graphql-dashboard/node_modules/@apollo/server/src/standalone/index.ts:67:16[39m
[31m    at new Promise (<anonymous>)[39m
[31m    at startStandaloneServer (/Users/ryandavidoates/resume-2025-novabright/react-graphql-dashboard/node_modules/@apollo/server/src/standalone/index.ts:66:9)[39m
[31m    at processTicksAndRejections (node:internal/process/task_queues:105:5)[39m
[31m    at async startServer (/Users/ryandavidoates/resume-2025-novabright/react-graphql-dashboard/backend/src/index.ts:62:21)[39m {
  "error": {
    "code": "EADDRINUSE",
    "errno": -48,
    "syscall": "listen",
    "address": "::",
    "port": 4000
  },
  "stack": "Error: listen EADDRINUSE: address already in use :::4000\n    at Server.setupListenHandle [as _listen2] (node:net:1937:16)\n    at listenInCluster (node:net:1994:12)\n    at Server.listen (node:net:2099:7)\n    at /Users/ryandavidoates/resume-2025-novabright/react-graphql-dashboard/node_modules/@apollo/server/src/standalone/index.ts:67:16\n    at new Promise (<anonymous>)\n    at startStandaloneServer (/Users/ryandavidoates/resume-2025-novabright/react-graphql-dashboard/node_modules/@apollo/server/src/standalone/index.ts:66:9)\n    at processTicksAndRejections (node:internal/process/task_queues:105:5)\n    at async startServer (/Users/ryandavidoates/resume-2025-novabright/react-graphql-dashboard/backend/src/index.ts:62:21)",
  "exception": true,
  "date": "Sun Jun 15 2025 10:23:57 GMT-0700 (Pacific Daylight Time)",
  "process": {
    "pid": 52223,
    "uid": 501,
    "gid": 20,
    "cwd": "/Users/ryandavidoates/resume-2025-novabright/react-graphql-dashboard/backend",
    "execPath": "/usr/local/bin/node",
    "version": "v22.14.0",
    "argv": [
      "/Users/ryandavidoates/resume-2025-novabright/react-graphql-dashboard/node_modules/.bin/ts-node",
      "/Users/ryandavidoates/resume-2025-novabright/react-graphql-dashboard/backend/src/index.ts"
    ],
    "memoryUsage": {
      "rss": 298958848,
      "heapTotal": 149651456,
      "heapUsed": 121742848,
      "external": 7885331,
      "arrayBuffers": 4886112
    }
  },
  "os": {
    "loadavg": [
      5.88037109375,
      6.4990234375,
      7.3271484375
    ],
    "uptime": 8114
  },
  "trace": [
    {
      "column": 16,
      "file": "node:net",
      "function": "Server.setupListenHandle [as _listen2]",
      "line": 1937,
      "method": "setupListenHandle [as _listen2]",
      "native": false
    },
    {
      "column": 12,
      "file": "node:net",
      "function": "listenInCluster",
      "line": 1994,
      "method": null,
      "native": false
    },
    {
      "column": 7,
      "file": "node:net",
      "function": "Server.listen",
      "line": 2099,
      "method": "listen",
      "native": false
    },
    {
      "column": 16,
      "file": "/Users/ryandavidoates/resume-2025-novabright/react-graphql-dashboard/node_modules/@apollo/server/src/standalone/index.ts",
      "function": null,
      "line": 67,
      "method": null,
      "native": false
    },
    {
      "column": null,
      "file": null,
      "function": "new Promise",
      "line": null,
      "method": null,
      "native": false
    },
    {
      "column": 9,
      "file": "/Users/ryandavidoates/resume-2025-novabright/react-graphql-dashboard/node_modules/@apollo/server/src/standalone/index.ts",
      "function": "startStandaloneServer",
      "line": 66,
      "method": null,
      "native": false
    },
    {
      "column": 5,
      "file": "node:internal/process/task_queues",
      "function": "processTicksAndRejections",
      "line": 105,
      "method": null,
      "native": false
    },
    {
      "column": 21,
      "file": "/Users/ryandavidoates/resume-2025-novabright/react-graphql-dashboard/backend/src/index.ts",
      "function": "async startServer",
      "line": 62,
      "method": null,
      "native": false
    }
  ]
}
2025-06-15T17:24:36.129Z [[31merror[39m]: [31mGraphQL Error[39m {
  "errors": [
    {
      "message": "PersistedQueryNotFound",
      "extensions": {
        "http": {
          "status": 200,
          "headers": {}
        },
        "code": "PERSISTED_QUERY_NOT_FOUND"
      }
    }
  ],
  "operation": "DashboardUpdates"
}
2025-06-15T17:24:36.139Z [[31merror[39m]: [31mGraphQL Error[39m {
  "errors": [
    {
      "message": "Subscription \"DashboardUpdates\" must select only one top level field.",
      "locations": [
        {
          "line": 6,
          "column": 3
        },
        {
          "line": 17,
          "column": 3
        }
      ],
      "extensions": {
        "http": {
          "status": 400,
          "headers": {}
        },
        "code": "GRAPHQL_VALIDATION_FAILED"
      }
    }
  ],
  "operation": "DashboardUpdates"
}
2025-06-15T17:25:29.598Z [[31merror[39m]: [31mGraphQL Error[39m {
  "errors": [
    {
      "message": "PersistedQueryNotFound",
      "extensions": {
        "http": {
          "status": 200,
          "headers": {}
        },
        "code": "PERSISTED_QUERY_NOT_FOUND"
      }
    }
  ],
  "operation": "DashboardUpdates"
}
2025-06-15T17:25:29.604Z [[31merror[39m]: [31mGraphQL Error[39m {
  "errors": [
    {
      "message": "Subscription \"DashboardUpdates\" must select only one top level field.",
      "locations": [
        {
          "line": 6,
          "column": 3
        },
        {
          "line": 17,
          "column": 3
        }
      ],
      "extensions": {
        "http": {
          "status": 400,
          "headers": {}
        },
        "code": "GRAPHQL_VALIDATION_FAILED"
      }
    }
  ],
  "operation": "DashboardUpdates"
}
2025-06-15T17:25:39.103Z [[31merror[39m]: [31mGraphQL Error[39m {
  "errors": [
    {
      "message": "PersistedQueryNotFound",
      "extensions": {
        "http": {
          "status": 200,
          "headers": {}
        },
        "code": "PERSISTED_QUERY_NOT_FOUND"
      }
    }
  ],
  "operation": "DashboardUpdates"
}
2025-06-15T17:25:39.108Z [[31merror[39m]: [31mGraphQL Error[39m {
  "errors": [
    {
      "message": "Subscription \"DashboardUpdates\" must select only one top level field.",
      "locations": [
        {
          "line": 6,
          "column": 3
        },
        {
          "line": 17,
          "column": 3
        }
      ],
      "extensions": {
        "http": {
          "status": 400,
          "headers": {}
        },
        "code": "GRAPHQL_VALIDATION_FAILED"
      }
    }
  ],
  "operation": "DashboardUpdates"
}
2025-06-15T17:25:43.635Z [[31merror[39m]: [31muncaughtException: listen EADDRINUSE: address already in use :::4000[39m
[31mError: listen EADDRINUSE: address already in use :::4000[39m
[31m    at Server.setupListenHandle [as _listen2] (node:net:1937:16)[39m
[31m    at listenInCluster (node:net:1994:12)[39m
[31m    at Server.listen (node:net:2099:7)[39m
[31m    at /Users/ryandavidoates/resume-2025-novabright/react-graphql-dashboard/node_modules/@apollo/server/src/standalone/index.ts:67:16[39m
[31m    at new Promise (<anonymous>)[39m
[31m    at startStandaloneServer (/Users/ryandavidoates/resume-2025-novabright/react-graphql-dashboard/node_modules/@apollo/server/src/standalone/index.ts:66:9)[39m
[31m    at processTicksAndRejections (node:internal/process/task_queues:105:5)[39m
[31m    at async startServer (/Users/ryandavidoates/resume-2025-novabright/react-graphql-dashboard/backend/src/index.ts:62:21)[39m {
  "error": {
    "code": "EADDRINUSE",
    "errno": -48,
    "syscall": "listen",
    "address": "::",
    "port": 4000
  },
  "stack": "Error: listen EADDRINUSE: address already in use :::4000\n    at Server.setupListenHandle [as _listen2] (node:net:1937:16)\n    at listenInCluster (node:net:1994:12)\n    at Server.listen (node:net:2099:7)\n    at /Users/ryandavidoates/resume-2025-novabright/react-graphql-dashboard/node_modules/@apollo/server/src/standalone/index.ts:67:16\n    at new Promise (<anonymous>)\n    at startStandaloneServer (/Users/ryandavidoates/resume-2025-novabright/react-graphql-dashboard/node_modules/@apollo/server/src/standalone/index.ts:66:9)\n    at processTicksAndRejections (node:internal/process/task_queues:105:5)\n    at async startServer (/Users/ryandavidoates/resume-2025-novabright/react-graphql-dashboard/backend/src/index.ts:62:21)",
  "exception": true,
  "date": "Sun Jun 15 2025 10:25:43 GMT-0700 (Pacific Daylight Time)",
  "process": {
    "pid": 52725,
    "uid": 501,
    "gid": 20,
    "cwd": "/Users/ryandavidoates/resume-2025-novabright/react-graphql-dashboard/backend",
    "execPath": "/usr/local/bin/node",
    "version": "v22.14.0",
    "argv": [
      "/Users/ryandavidoates/resume-2025-novabright/react-graphql-dashboard/node_modules/.bin/ts-node",
      "/Users/ryandavidoates/resume-2025-novabright/react-graphql-dashboard/backend/src/index.ts"
    ],
    "memoryUsage": {
      "rss": 287342592,
      "heapTotal": 150175744,
      "heapUsed": 121138456,
      "external": 7885331,
      "arrayBuffers": 4886112
    }
  },
  "os": {
    "loadavg": [
      8.451171875,
      7.43798828125,
      7.60595703125
    ],
    "uptime": 8220
  },
  "trace": [
    {
      "column": 16,
      "file": "node:net",
      "function": "Server.setupListenHandle [as _listen2]",
      "line": 1937,
      "method": "setupListenHandle [as _listen2]",
      "native": false
    },
    {
      "column": 12,
      "file": "node:net",
      "function": "listenInCluster",
      "line": 1994,
      "method": null,
      "native": false
    },
    {
      "column": 7,
      "file": "node:net",
      "function": "Server.listen",
      "line": 2099,
      "method": "listen",
      "native": false
    },
    {
      "column": 16,
      "file": "/Users/ryandavidoates/resume-2025-novabright/react-graphql-dashboard/node_modules/@apollo/server/src/standalone/index.ts",
      "function": null,
      "line": 67,
      "method": null,
      "native": false
    },
    {
      "column": null,
      "file": null,
      "function": "new Promise",
      "line": null,
      "method": null,
      "native": false
    },
    {
      "column": 9,
      "file": "/Users/ryandavidoates/resume-2025-novabright/react-graphql-dashboard/node_modules/@apollo/server/src/standalone/index.ts",
      "function": "startStandaloneServer",
      "line": 66,
      "method": null,
      "native": false
    },
    {
      "column": 5,
      "file": "node:internal/process/task_queues",
      "function": "processTicksAndRejections",
      "line": 105,
      "method": null,
      "native": false
    },
    {
      "column": 21,
      "file": "/Users/ryandavidoates/resume-2025-novabright/react-graphql-dashboard/backend/src/index.ts",
      "function": "async startServer",
      "line": 62,
      "method": null,
      "native": false
    }
  ]
}
2025-06-15T17:25:43.991Z [[31merror[39m]: [31mGraphQL Error[39m {
  "errors": [
    {
      "message": "PersistedQueryNotFound",
      "extensions": {
        "http": {
          "status": 200,
          "headers": {}
        },
        "code": "PERSISTED_QUERY_NOT_FOUND"
      }
    }
  ],
  "operation": "DashboardUpdates"
}
2025-06-15T17:25:43.994Z [[31merror[39m]: [31mGraphQL Error[39m {
  "errors": [
    {
      "message": "Subscription \"DashboardUpdates\" must select only one top level field.",
      "locations": [
        {
          "line": 6,
          "column": 3
        },
        {
          "line": 17,
          "column": 3
        }
      ],
      "extensions": {
        "http": {
          "status": 400,
          "headers": {}
        },
        "code": "GRAPHQL_VALIDATION_FAILED"
      }
    }
  ],
  "operation": "DashboardUpdates"
}
2025-06-15T17:25:45.455Z [[31merror[39m]: [31mGraphQL Error[39m {
  "errors": [
    {
      "message": "PersistedQueryNotFound",
      "extensions": {
        "http": {
          "status": 200,
          "headers": {}
        },
        "code": "PERSISTED_QUERY_NOT_FOUND"
      }
    }
  ],
  "operation": "DashboardUpdates"
}
2025-06-15T17:25:45.460Z [[31merror[39m]: [31mGraphQL Error[39m {
  "errors": [
    {
      "message": "Subscription \"DashboardUpdates\" must select only one top level field.",
      "locations": [
        {
          "line": 6,
          "column": 3
        },
        {
          "line": 17,
          "column": 3
        }
      ],
      "extensions": {
        "http": {
          "status": 400,
          "headers": {}
        },
        "code": "GRAPHQL_VALIDATION_FAILED"
      }
    }
  ],
  "operation": "DashboardUpdates"
}
2025-06-15T17:29:05.404Z [[31merror[39m]: [31mGraphQL Error[39m {
  "errors": [
    {
      "message": "PersistedQueryNotFound",
      "extensions": {
        "http": {
          "status": 200,
          "headers": {}
        },
        "code": "PERSISTED_QUERY_NOT_FOUND"
      }
    }
  ],
  "operation": "MetricsUpdatedSubscription"
}
2025-06-15T17:29:05.404Z [[31merror[39m]: [31mGraphQL Error[39m {
  "errors": [
    {
      "message": "PersistedQueryNotFound",
      "extensions": {
        "http": {
          "status": 200,
          "headers": {}
        },
        "code": "PERSISTED_QUERY_NOT_FOUND"
      }
    }
  ],
  "operation": "ActivityAddedSubscription"
}
2025-06-15T17:29:05.405Z [[31merror[39m]: [31mGraphQL Error[39m {
  "errors": [
    {
      "message": "PersistedQueryNotFound",
      "extensions": {
        "http": {
          "status": 200,
          "headers": {}
        },
        "code": "PERSISTED_QUERY_NOT_FOUND"
      }
    }
  ],
  "operation": "SystemStatusChangedSubscription"
}
2025-06-15T17:29:05.408Z [[31merror[39m]: [31mGraphQL Error[39m {
  "errors": [
    {
      "message": "Cannot return null for non-nullable field Subscription.metricsUpdated.",
      "locations": [
        {
          "line": 2,
          "column": 3
        }
      ],
      "path": [
        "metricsUpdated"
      ]
    }
  ],
  "operation": "MetricsUpdatedSubscription"
}
2025-06-15T17:29:05.410Z [[31merror[39m]: [31mGraphQL Error[39m {
  "errors": [
    {
      "message": "Cannot return null for non-nullable field Subscription.activityAdded.",
      "locations": [
        {
          "line": 2,
          "column": 3
        }
      ],
      "path": [
        "activityAdded"
      ]
    }
  ],
  "operation": "ActivityAddedSubscription"
}
2025-06-15T17:29:05.411Z [[31merror[39m]: [31mGraphQL Error[39m {
  "errors": [
    {
      "message": "Cannot return null for non-nullable field Subscription.systemStatusChanged.",
      "locations": [
        {
          "line": 2,
          "column": 3
        }
      ],
      "path": [
        "systemStatusChanged"
      ]
    }
  ],
  "operation": "SystemStatusChangedSubscription"
}
2025-06-15T17:29:09.430Z [[31merror[39m]: [31mGraphQL Error[39m {
  "errors": [
    {
      "message": "Cannot return null for non-nullable field Subscription.metricsUpdated.",
      "locations": [
        {
          "line": 2,
          "column": 3
        }
      ],
      "path": [
        "metricsUpdated"
      ]
    }
  ],
  "operation": "MetricsUpdatedSubscription"
}
2025-06-15T17:29:09.432Z [[31merror[39m]: [31mGraphQL Error[39m {
  "errors": [
    {
      "message": "Cannot return null for non-nullable field Subscription.activityAdded.",
      "locations": [
        {
          "line": 2,
          "column": 3
        }
      ],
      "path": [
        "activityAdded"
      ]
    }
  ],
  "operation": "ActivityAddedSubscription"
}
2025-06-15T17:29:09.434Z [[31merror[39m]: [31mGraphQL Error[39m {
  "errors": [
    {
      "message": "Cannot return null for non-nullable field Subscription.systemStatusChanged.",
      "locations": [
        {
          "line": 2,
          "column": 3
        }
      ],
      "path": [
        "systemStatusChanged"
      ]
    }
  ],
  "operation": "SystemStatusChangedSubscription"
}
2025-06-15T17:29:19.525Z [[31merror[39m]: [31muncaughtException: listen EADDRINUSE: address already in use :::4000[39m
[31mError: listen EADDRINUSE: address already in use :::4000[39m
[31m    at Server.setupListenHandle [as _listen2] (node:net:1937:16)[39m
[31m    at listenInCluster (node:net:1994:12)[39m
[31m    at Server.listen (node:net:2099:7)[39m
[31m    at /Users/ryandavidoates/resume-2025-novabright/react-graphql-dashboard/node_modules/@apollo/server/src/standalone/index.ts:67:16[39m
[31m    at new Promise (<anonymous>)[39m
[31m    at startStandaloneServer (/Users/ryandavidoates/resume-2025-novabright/react-graphql-dashboard/node_modules/@apollo/server/src/standalone/index.ts:66:9)[39m
[31m    at processTicksAndRejections (node:internal/process/task_queues:105:5)[39m
[31m    at async startServer (/Users/ryandavidoates/resume-2025-novabright/react-graphql-dashboard/backend/src/index.ts:62:21)[39m {
  "error": {
    "code": "EADDRINUSE",
    "errno": -48,
    "syscall": "listen",
    "address": "::",
    "port": 4000
  },
  "stack": "Error: listen EADDRINUSE: address already in use :::4000\n    at Server.setupListenHandle [as _listen2] (node:net:1937:16)\n    at listenInCluster (node:net:1994:12)\n    at Server.listen (node:net:2099:7)\n    at /Users/ryandavidoates/resume-2025-novabright/react-graphql-dashboard/node_modules/@apollo/server/src/standalone/index.ts:67:16\n    at new Promise (<anonymous>)\n    at startStandaloneServer (/Users/ryandavidoates/resume-2025-novabright/react-graphql-dashboard/node_modules/@apollo/server/src/standalone/index.ts:66:9)\n    at processTicksAndRejections (node:internal/process/task_queues:105:5)\n    at async startServer (/Users/ryandavidoates/resume-2025-novabright/react-graphql-dashboard/backend/src/index.ts:62:21)",
  "exception": true,
  "date": "Sun Jun 15 2025 10:29:19 GMT-0700 (Pacific Daylight Time)",
  "process": {
    "pid": 54015,
    "uid": 501,
    "gid": 20,
    "cwd": "/Users/ryandavidoates/resume-2025-novabright/react-graphql-dashboard/backend",
    "execPath": "/usr/local/bin/node",
    "version": "v22.14.0",
    "argv": [
      "/Users/ryandavidoates/resume-2025-novabright/react-graphql-dashboard/node_modules/.bin/ts-node",
      "/Users/ryandavidoates/resume-2025-novabright/react-graphql-dashboard/backend/src/index.ts"
    ],
    "memoryUsage": {
      "rss": 292716544,
      "heapTotal": 150175744,
      "heapUsed": 121065928,
      "external": 7885323,
      "arrayBuffers": 4886104
    }
  },
  "os": {
    "loadavg": [
      7.853515625,
      7.568359375,
      7.5947265625
    ],
    "uptime": 8436
  },
  "trace": [
    {
      "column": 16,
      "file": "node:net",
      "function": "Server.setupListenHandle [as _listen2]",
      "line": 1937,
      "method": "setupListenHandle [as _listen2]",
      "native": false
    },
    {
      "column": 12,
      "file": "node:net",
      "function": "listenInCluster",
      "line": 1994,
      "method": null,
      "native": false
    },
    {
      "column": 7,
      "file": "node:net",
      "function": "Server.listen",
      "line": 2099,
      "method": "listen",
      "native": false
    },
    {
      "column": 16,
      "file": "/Users/ryandavidoates/resume-2025-novabright/react-graphql-dashboard/node_modules/@apollo/server/src/standalone/index.ts",
      "function": null,
      "line": 67,
      "method": null,
      "native": false
    },
    {
      "column": null,
      "file": null,
      "function": "new Promise",
      "line": null,
      "method": null,
      "native": false
    },
    {
      "column": 9,
      "file": "/Users/ryandavidoates/resume-2025-novabright/react-graphql-dashboard/node_modules/@apollo/server/src/standalone/index.ts",
      "function": "startStandaloneServer",
      "line": 66,
      "method": null,
      "native": false
    },
    {
      "column": 5,
      "file": "node:internal/process/task_queues",
      "function": "processTicksAndRejections",
      "line": 105,
      "method": null,
      "native": false
    },
    {
      "column": 21,
      "file": "/Users/ryandavidoates/resume-2025-novabright/react-graphql-dashboard/backend/src/index.ts",
      "function": "async startServer",
      "line": 62,
      "method": null,
      "native": false
    }
  ]
}
2025-06-15T17:29:23.706Z [[31merror[39m]: [31muncaughtException: listen EADDRINUSE: address already in use :::4000[39m
[31mError: listen EADDRINUSE: address already in use :::4000[39m
[31m    at Server.setupListenHandle [as _listen2] (node:net:1937:16)[39m
[31m    at listenInCluster (node:net:1994:12)[39m
[31m    at Server.listen (node:net:2099:7)[39m
[31m    at /Users/ryandavidoates/resume-2025-novabright/react-graphql-dashboard/node_modules/@apollo/server/src/standalone/index.ts:67:16[39m
[31m    at new Promise (<anonymous>)[39m
[31m    at startStandaloneServer (/Users/ryandavidoates/resume-2025-novabright/react-graphql-dashboard/node_modules/@apollo/server/src/standalone/index.ts:66:9)[39m
[31m    at processTicksAndRejections (node:internal/process/task_queues:105:5)[39m
[31m    at async startServer (/Users/ryandavidoates/resume-2025-novabright/react-graphql-dashboard/backend/src/index.ts:62:21)[39m {
  "error": {
    "code": "EADDRINUSE",
    "errno": -48,
    "syscall": "listen",
    "address": "::",
    "port": 4000
  },
  "stack": "Error: listen EADDRINUSE: address already in use :::4000\n    at Server.setupListenHandle [as _listen2] (node:net:1937:16)\n    at listenInCluster (node:net:1994:12)\n    at Server.listen (node:net:2099:7)\n    at /Users/ryandavidoates/resume-2025-novabright/react-graphql-dashboard/node_modules/@apollo/server/src/standalone/index.ts:67:16\n    at new Promise (<anonymous>)\n    at startStandaloneServer (/Users/ryandavidoates/resume-2025-novabright/react-graphql-dashboard/node_modules/@apollo/server/src/standalone/index.ts:66:9)\n    at processTicksAndRejections (node:internal/process/task_queues:105:5)\n    at async startServer (/Users/ryandavidoates/resume-2025-novabright/react-graphql-dashboard/backend/src/index.ts:62:21)",
  "exception": true,
  "date": "Sun Jun 15 2025 10:29:23 GMT-0700 (Pacific Daylight Time)",
  "process": {
    "pid": 54271,
    "uid": 501,
    "gid": 20,
    "cwd": "/Users/ryandavidoates/resume-2025-novabright/react-graphql-dashboard/backend",
    "execPath": "/usr/local/bin/node",
    "version": "v22.14.0",
    "argv": [
      "/Users/ryandavidoates/resume-2025-novabright/react-graphql-dashboard/node_modules/.bin/ts-node",
      "/Users/ryandavidoates/resume-2025-novabright/react-graphql-dashboard/backend/src/index.ts"
    ],
    "memoryUsage": {
      "rss": 303939584,
      "heapTotal": 150175744,
      "heapUsed": 120542688,
      "external": 7885419,
      "arrayBuffers": 4886200
    }
  },
  "os": {
    "loadavg": [
      7.625,
      7.525390625,
      7.5791015625
    ],
    "uptime": 8440
  },
  "trace": [
    {
      "column": 16,
      "file": "node:net",
      "function": "Server.setupListenHandle [as _listen2]",
      "line": 1937,
      "method": "setupListenHandle [as _listen2]",
      "native": false
    },
    {
      "column": 12,
      "file": "node:net",
      "function": "listenInCluster",
      "line": 1994,
      "method": null,
      "native": false
    },
    {
      "column": 7,
      "file": "node:net",
      "function": "Server.listen",
      "line": 2099,
      "method": "listen",
      "native": false
    },
    {
      "column": 16,
      "file": "/Users/ryandavidoates/resume-2025-novabright/react-graphql-dashboard/node_modules/@apollo/server/src/standalone/index.ts",
      "function": null,
      "line": 67,
      "method": null,
      "native": false
    },
    {
      "column": null,
      "file": null,
      "function": "new Promise",
      "line": null,
      "method": null,
      "native": false
    },
    {
      "column": 9,
      "file": "/Users/ryandavidoates/resume-2025-novabright/react-graphql-dashboard/node_modules/@apollo/server/src/standalone/index.ts",
      "function": "startStandaloneServer",
      "line": 66,
      "method": null,
      "native": false
    },
    {
      "column": 5,
      "file": "node:internal/process/task_queues",
      "function": "processTicksAndRejections",
      "line": 105,
      "method": null,
      "native": false
    },
    {
      "column": 21,
      "file": "/Users/ryandavidoates/resume-2025-novabright/react-graphql-dashboard/backend/src/index.ts",
      "function": "async startServer",
      "line": 62,
      "method": null,
      "native": false
    }
  ]
}
2025-06-15T17:29:24.837Z [[31merror[39m]: [31mGraphQL Error[39m {
  "errors": [
    {
      "message": "Cannot return null for non-nullable field Subscription.metricsUpdated.",
      "locations": [
        {
          "line": 2,
          "column": 3
        }
      ],
      "path": [
        "metricsUpdated"
      ]
    }
  ],
  "operation": "MetricsUpdatedSubscription"
}
2025-06-15T17:29:24.839Z [[31merror[39m]: [31mGraphQL Error[39m {
  "errors": [
    {
      "message": "Cannot return null for non-nullable field Subscription.activityAdded.",
      "locations": [
        {
          "line": 2,
          "column": 3
        }
      ],
      "path": [
        "activityAdded"
      ]
    }
  ],
  "operation": "ActivityAddedSubscription"
}
2025-06-15T17:29:24.840Z [[31merror[39m]: [31mGraphQL Error[39m {
  "errors": [
    {
      "message": "Cannot return null for non-nullable field Subscription.systemStatusChanged.",
      "locations": [
        {
          "line": 2,
          "column": 3
        }
      ],
      "path": [
        "systemStatusChanged"
      ]
    }
  ],
  "operation": "SystemStatusChangedSubscription"
}
2025-06-15T17:29:26.768Z [[31merror[39m]: [31mGraphQL Error[39m {
  "errors": [
    {
      "message": "Cannot return null for non-nullable field Subscription.metricsUpdated.",
      "locations": [
        {
          "line": 2,
          "column": 3
        }
      ],
      "path": [
        "metricsUpdated"
      ]
    }
  ],
  "operation": "MetricsUpdatedSubscription"
}
2025-06-15T17:29:26.770Z [[31merror[39m]: [31mGraphQL Error[39m {
  "errors": [
    {
      "message": "Cannot return null for non-nullable field Subscription.activityAdded.",
      "locations": [
        {
          "line": 2,
          "column": 3
        }
      ],
      "path": [
        "activityAdded"
      ]
    }
  ],
  "operation": "ActivityAddedSubscription"
}
2025-06-15T17:29:26.771Z [[31merror[39m]: [31mGraphQL Error[39m {
  "errors": [
    {
      "message": "Cannot return null for non-nullable field Subscription.systemStatusChanged.",
      "locations": [
        {
          "line": 2,
          "column": 3
        }
      ],
      "path": [
        "systemStatusChanged"
      ]
    }
  ],
  "operation": "SystemStatusChangedSubscription"
}
2025-06-15T17:29:45.421Z [[31merror[39m]: [31mGraphQL Error[39m {
  "errors": [
    {
      "message": "PersistedQueryNotFound",
      "extensions": {
        "http": {
          "status": 200,
          "headers": {}
        },
        "code": "PERSISTED_QUERY_NOT_FOUND"
      }
    }
  ],
  "operation": "MetricsUpdatedSubscription"
}
2025-06-15T17:29:45.426Z [[31merror[39m]: [31mGraphQL Error[39m {
  "errors": [
    {
      "message": "PersistedQueryNotFound",
      "extensions": {
        "http": {
          "status": 200,
          "headers": {}
        },
        "code": "PERSISTED_QUERY_NOT_FOUND"
      }
    }
  ],
  "operation": "ActivityAddedSubscription"
}
2025-06-15T17:29:45.427Z [[31merror[39m]: [31mGraphQL Error[39m {
  "errors": [
    {
      "message": "PersistedQueryNotFound",
      "extensions": {
        "http": {
          "status": 200,
          "headers": {}
        },
        "code": "PERSISTED_QUERY_NOT_FOUND"
      }
    }
  ],
  "operation": "SystemStatusChangedSubscription"
}
2025-06-15T17:29:45.430Z [[31merror[39m]: [31mGraphQL Error[39m {
  "errors": [
    {
      "message": "Cannot return null for non-nullable field Subscription.metricsUpdated.",
      "locations": [
        {
          "line": 2,
          "column": 3
        }
      ],
      "path": [
        "metricsUpdated"
      ]
    }
  ],
  "operation": "MetricsUpdatedSubscription"
}
2025-06-15T17:29:45.431Z [[31merror[39m]: [31mGraphQL Error[39m {
  "errors": [
    {
      "message": "Cannot return null for non-nullable field Subscription.systemStatusChanged.",
      "locations": [
        {
          "line": 2,
          "column": 3
        }
      ],
      "path": [
        "systemStatusChanged"
      ]
    }
  ],
  "operation": "SystemStatusChangedSubscription"
}
2025-06-15T17:29:45.433Z [[31merror[39m]: [31mGraphQL Error[39m {
  "errors": [
    {
      "message": "Cannot return null for non-nullable field Subscription.activityAdded.",
      "locations": [
        {
          "line": 2,
          "column": 3
        }
      ],
      "path": [
        "activityAdded"
      ]
    }
  ],
  "operation": "ActivityAddedSubscription"
}
2025-06-15T17:29:46.418Z [[31merror[39m]: [31mGraphQL Error[39m {
  "errors": [
    {
      "message": "Cannot return null for non-nullable field Subscription.metricsUpdated.",
      "locations": [
        {
          "line": 2,
          "column": 3
        }
      ],
      "path": [
        "metricsUpdated"
      ]
    }
  ],
  "operation": "MetricsUpdatedSubscription"
}
2025-06-15T17:29:46.419Z [[31merror[39m]: [31mGraphQL Error[39m {
  "errors": [
    {
      "message": "Cannot return null for non-nullable field Subscription.activityAdded.",
      "locations": [
        {
          "line": 2,
          "column": 3
        }
      ],
      "path": [
        "activityAdded"
      ]
    }
  ],
  "operation": "ActivityAddedSubscription"
}
2025-06-15T17:29:46.421Z [[31merror[39m]: [31mGraphQL Error[39m {
  "errors": [
    {
      "message": "Cannot return null for non-nullable field Subscription.systemStatusChanged.",
      "locations": [
        {
          "line": 2,
          "column": 3
        }
      ],
      "path": [
        "systemStatusChanged"
      ]
    }
  ],
  "operation": "SystemStatusChangedSubscription"
}
2025-06-15T17:31:24.273Z [[31merror[39m]: [31muncaughtException: listen EADDRINUSE: address already in use :::4000[39m
[31mError: listen EADDRINUSE: address already in use :::4000[39m
[31m    at Server.setupListenHandle [as _listen2] (node:net:1937:16)[39m
[31m    at listenInCluster (node:net:1994:12)[39m
[31m    at Server.listen (node:net:2099:7)[39m
[31m    at /Users/ryandavidoates/resume-2025-novabright/react-graphql-dashboard/node_modules/@apollo/server/src/standalone/index.ts:67:16[39m
[31m    at new Promise (<anonymous>)[39m
[31m    at startStandaloneServer (/Users/ryandavidoates/resume-2025-novabright/react-graphql-dashboard/node_modules/@apollo/server/src/standalone/index.ts:66:9)[39m
[31m    at processTicksAndRejections (node:internal/process/task_queues:105:5)[39m
[31m    at async startServer (/Users/ryandavidoates/resume-2025-novabright/react-graphql-dashboard/backend/src/index.ts:62:21)[39m {
  "error": {
    "code": "EADDRINUSE",
    "errno": -48,
    "syscall": "listen",
    "address": "::",
    "port": 4000
  },
  "stack": "Error: listen EADDRINUSE: address already in use :::4000\n    at Server.setupListenHandle [as _listen2] (node:net:1937:16)\n    at listenInCluster (node:net:1994:12)\n    at Server.listen (node:net:2099:7)\n    at /Users/ryandavidoates/resume-2025-novabright/react-graphql-dashboard/node_modules/@apollo/server/src/standalone/index.ts:67:16\n    at new Promise (<anonymous>)\n    at startStandaloneServer (/Users/ryandavidoates/resume-2025-novabright/react-graphql-dashboard/node_modules/@apollo/server/src/standalone/index.ts:66:9)\n    at processTicksAndRejections (node:internal/process/task_queues:105:5)\n    at async startServer (/Users/ryandavidoates/resume-2025-novabright/react-graphql-dashboard/backend/src/index.ts:62:21)",
  "exception": true,
  "date": "Sun Jun 15 2025 10:31:24 GMT-0700 (Pacific Daylight Time)",
  "process": {
    "pid": 54886,
    "uid": 501,
    "gid": 20,
    "cwd": "/Users/ryandavidoates/resume-2025-novabright/react-graphql-dashboard/backend",
    "execPath": "/usr/local/bin/node",
    "version": "v22.14.0",
    "argv": [
      "/Users/ryandavidoates/resume-2025-novabright/react-graphql-dashboard/node_modules/.bin/ts-node",
      "/Users/ryandavidoates/resume-2025-novabright/react-graphql-dashboard/backend/src/index.ts"
    ],
    "memoryUsage": {
      "rss": 294043648,
      "heapTotal": 150437888,
      "heapUsed": 120454112,
      "external": 7874265,
      "arrayBuffers": 4875046
    }
  },
  "os": {
    "loadavg": [
      6.8095703125,
      7.46826171875,
      7.56298828125
    ],
    "uptime": 8561
  },
  "trace": [
    {
      "column": 16,
      "file": "node:net",
      "function": "Server.setupListenHandle [as _listen2]",
      "line": 1937,
      "method": "setupListenHandle [as _listen2]",
      "native": false
    },
    {
      "column": 12,
      "file": "node:net",
      "function": "listenInCluster",
      "line": 1994,
      "method": null,
      "native": false
    },
    {
      "column": 7,
      "file": "node:net",
      "function": "Server.listen",
      "line": 2099,
      "method": "listen",
      "native": false
    },
    {
      "column": 16,
      "file": "/Users/ryandavidoates/resume-2025-novabright/react-graphql-dashboard/node_modules/@apollo/server/src/standalone/index.ts",
      "function": null,
      "line": 67,
      "method": null,
      "native": false
    },
    {
      "column": null,
      "file": null,
      "function": "new Promise",
      "line": null,
      "method": null,
      "native": false
    },
    {
      "column": 9,
      "file": "/Users/ryandavidoates/resume-2025-novabright/react-graphql-dashboard/node_modules/@apollo/server/src/standalone/index.ts",
      "function": "startStandaloneServer",
      "line": 66,
      "method": null,
      "native": false
    },
    {
      "column": 5,
      "file": "node:internal/process/task_queues",
      "function": "processTicksAndRejections",
      "line": 105,
      "method": null,
      "native": false
    },
    {
      "column": 21,
      "file": "/Users/ryandavidoates/resume-2025-novabright/react-graphql-dashboard/backend/src/index.ts",
      "function": "async startServer",
      "line": 62,
      "method": null,
      "native": false
    }
  ]
}
2025-06-15T17:31:32.223Z [[31merror[39m]: [31mGraphQL Error[39m {
  "errors": [
    {
      "message": "PersistedQueryNotFound",
      "extensions": {
        "http": {
          "status": 200,
          "headers": {}
        },
        "code": "PERSISTED_QUERY_NOT_FOUND"
      }
    }
  ],
  "operation": "MetricsUpdatedSubscription"
}
2025-06-15T17:31:32.232Z [[31merror[39m]: [31mGraphQL Error[39m {
  "errors": [
    {
      "message": "PersistedQueryNotFound",
      "extensions": {
        "http": {
          "status": 200,
          "headers": {}
        },
        "code": "PERSISTED_QUERY_NOT_FOUND"
      }
    }
  ],
  "operation": "ActivityAddedSubscription"
}
2025-06-15T17:31:32.238Z [[31merror[39m]: [31mGraphQL Error[39m {
  "errors": [
    {
      "message": "PersistedQueryNotFound",
      "extensions": {
        "http": {
          "status": 200,
          "headers": {}
        },
        "code": "PERSISTED_QUERY_NOT_FOUND"
      }
    }
  ],
  "operation": "SystemStatusChangedSubscription"
}
2025-06-15T17:32:56.029Z [[31merror[39m]: [31muncaughtException: listen EADDRINUSE: address already in use :::4000[39m
[31mError: listen EADDRINUSE: address already in use :::4000[39m
[31m    at Server.setupListenHandle [as _listen2] (node:net:1937:16)[39m
[31m    at listenInCluster (node:net:1994:12)[39m
[31m    at Server.listen (node:net:2099:7)[39m
[31m    at /Users/ryandavidoates/resume-2025-novabright/react-graphql-dashboard/node_modules/@apollo/server/src/standalone/index.ts:67:16[39m
[31m    at new Promise (<anonymous>)[39m
[31m    at startStandaloneServer (/Users/ryandavidoates/resume-2025-novabright/react-graphql-dashboard/node_modules/@apollo/server/src/standalone/index.ts:66:9)[39m
[31m    at processTicksAndRejections (node:internal/process/task_queues:105:5)[39m
[31m    at async startServer (/Users/ryandavidoates/resume-2025-novabright/react-graphql-dashboard/backend/src/index.ts:62:21)[39m {
  "error": {
    "code": "EADDRINUSE",
    "errno": -48,
    "syscall": "listen",
    "address": "::",
    "port": 4000
  },
  "stack": "Error: listen EADDRINUSE: address already in use :::4000\n    at Server.setupListenHandle [as _listen2] (node:net:1937:16)\n    at listenInCluster (node:net:1994:12)\n    at Server.listen (node:net:2099:7)\n    at /Users/ryandavidoates/resume-2025-novabright/react-graphql-dashboard/node_modules/@apollo/server/src/standalone/index.ts:67:16\n    at new Promise (<anonymous>)\n    at startStandaloneServer (/Users/ryandavidoates/resume-2025-novabright/react-graphql-dashboard/node_modules/@apollo/server/src/standalone/index.ts:66:9)\n    at processTicksAndRejections (node:internal/process/task_queues:105:5)\n    at async startServer (/Users/ryandavidoates/resume-2025-novabright/react-graphql-dashboard/backend/src/index.ts:62:21)",
  "exception": true,
  "date": "Sun Jun 15 2025 10:32:56 GMT-0700 (Pacific Daylight Time)",
  "process": {
    "pid": 55388,
    "uid": 501,
    "gid": 20,
    "cwd": "/Users/ryandavidoates/resume-2025-novabright/react-graphql-dashboard/backend",
    "execPath": "/usr/local/bin/node",
    "version": "v22.14.0",
    "argv": [
      "/Users/ryandavidoates/resume-2025-novabright/react-graphql-dashboard/node_modules/.bin/ts-node",
      "/Users/ryandavidoates/resume-2025-novabright/react-graphql-dashboard/backend/src/index.ts"
    ],
    "memoryUsage": {
      "rss": 295976960,
      "heapTotal": 150175744,
      "heapUsed": 120647360,
      "external": 7885339,
      "arrayBuffers": 4886120
    }
  },
  "os": {
    "loadavg": [
      6.2099609375,
      7.123046875,
      7.4189453125
    ],
    "uptime": 8653
  },
  "trace": [
    {
      "column": 16,
      "file": "node:net",
      "function": "Server.setupListenHandle [as _listen2]",
      "line": 1937,
      "method": "setupListenHandle [as _listen2]",
      "native": false
    },
    {
      "column": 12,
      "file": "node:net",
      "function": "listenInCluster",
      "line": 1994,
      "method": null,
      "native": false
    },
    {
      "column": 7,
      "file": "node:net",
      "function": "Server.listen",
      "line": 2099,
      "method": "listen",
      "native": false
    },
    {
      "column": 16,
      "file": "/Users/ryandavidoates/resume-2025-novabright/react-graphql-dashboard/node_modules/@apollo/server/src/standalone/index.ts",
      "function": null,
      "line": 67,
      "method": null,
      "native": false
    },
    {
      "column": null,
      "file": null,
      "function": "new Promise",
      "line": null,
      "method": null,
      "native": false
    },
    {
      "column": 9,
      "file": "/Users/ryandavidoates/resume-2025-novabright/react-graphql-dashboard/node_modules/@apollo/server/src/standalone/index.ts",
      "function": "startStandaloneServer",
      "line": 66,
      "method": null,
      "native": false
    },
    {
      "column": 5,
      "file": "node:internal/process/task_queues",
      "function": "processTicksAndRejections",
      "line": 105,
      "method": null,
      "native": false
    },
    {
      "column": 21,
      "file": "/Users/ryandavidoates/resume-2025-novabright/react-graphql-dashboard/backend/src/index.ts",
      "function": "async startServer",
      "line": 62,
      "method": null,
      "native": false
    }
  ]
}
2025-06-15T17:33:04.275Z [[31merror[39m]: [31muncaughtException: listen EADDRINUSE: address already in use :::4000[39m
[31mError: listen EADDRINUSE: address already in use :::4000[39m
[31m    at Server.setupListenHandle [as _listen2] (node:net:1937:16)[39m
[31m    at listenInCluster (node:net:1994:12)[39m
[31m    at Server.listen (node:net:2099:7)[39m
[31m    at /Users/ryandavidoates/resume-2025-novabright/react-graphql-dashboard/node_modules/@apollo/server/src/standalone/index.ts:67:16[39m
[31m    at new Promise (<anonymous>)[39m
[31m    at startStandaloneServer (/Users/ryandavidoates/resume-2025-novabright/react-graphql-dashboard/node_modules/@apollo/server/src/standalone/index.ts:66:9)[39m
[31m    at processTicksAndRejections (node:internal/process/task_queues:105:5)[39m
[31m    at async startServer (/Users/ryandavidoates/resume-2025-novabright/react-graphql-dashboard/backend/src/index.ts:62:21)[39m {
  "error": {
    "code": "EADDRINUSE",
    "errno": -48,
    "syscall": "listen",
    "address": "::",
    "port": 4000
  },
  "stack": "Error: listen EADDRINUSE: address already in use :::4000\n    at Server.setupListenHandle [as _listen2] (node:net:1937:16)\n    at listenInCluster (node:net:1994:12)\n    at Server.listen (node:net:2099:7)\n    at /Users/ryandavidoates/resume-2025-novabright/react-graphql-dashboard/node_modules/@apollo/server/src/standalone/index.ts:67:16\n    at new Promise (<anonymous>)\n    at startStandaloneServer (/Users/ryandavidoates/resume-2025-novabright/react-graphql-dashboard/node_modules/@apollo/server/src/standalone/index.ts:66:9)\n    at processTicksAndRejections (node:internal/process/task_queues:105:5)\n    at async startServer (/Users/ryandavidoates/resume-2025-novabright/react-graphql-dashboard/backend/src/index.ts:62:21)",
  "exception": true,
  "date": "Sun Jun 15 2025 10:33:04 GMT-0700 (Pacific Daylight Time)",
  "process": {
    "pid": 55521,
    "uid": 501,
    "gid": 20,
    "cwd": "/Users/ryandavidoates/resume-2025-novabright/react-graphql-dashboard/backend",
    "execPath": "/usr/local/bin/node",
    "version": "v22.14.0",
    "argv": [
      "/Users/ryandavidoates/resume-2025-novabright/react-graphql-dashboard/node_modules/.bin/ts-node",
      "/Users/ryandavidoates/resume-2025-novabright/react-graphql-dashboard/backend/src/index.ts"
    ],
    "memoryUsage": {
      "rss": 292798464,
      "heapTotal": 150175744,
      "heapUsed": 121190224,
      "external": 7885339,
      "arrayBuffers": 4886120
    }
  },
  "os": {
    "loadavg": [
      6.24462890625,
      7.1015625,
      7.4072265625
    ],
    "uptime": 8661
  },
  "trace": [
    {
      "column": 16,
      "file": "node:net",
      "function": "Server.setupListenHandle [as _listen2]",
      "line": 1937,
      "method": "setupListenHandle [as _listen2]",
      "native": false
    },
    {
      "column": 12,
      "file": "node:net",
      "function": "listenInCluster",
      "line": 1994,
      "method": null,
      "native": false
    },
    {
      "column": 7,
      "file": "node:net",
      "function": "Server.listen",
      "line": 2099,
      "method": "listen",
      "native": false
    },
    {
      "column": 16,
      "file": "/Users/ryandavidoates/resume-2025-novabright/react-graphql-dashboard/node_modules/@apollo/server/src/standalone/index.ts",
      "function": null,
      "line": 67,
      "method": null,
      "native": false
    },
    {
      "column": null,
      "file": null,
      "function": "new Promise",
      "line": null,
      "method": null,
      "native": false
    },
    {
      "column": 9,
      "file": "/Users/ryandavidoates/resume-2025-novabright/react-graphql-dashboard/node_modules/@apollo/server/src/standalone/index.ts",
      "function": "startStandaloneServer",
      "line": 66,
      "method": null,
      "native": false
    },
    {
      "column": 5,
      "file": "node:internal/process/task_queues",
      "function": "processTicksAndRejections",
      "line": 105,
      "method": null,
      "native": false
    },
    {
      "column": 21,
      "file": "/Users/ryandavidoates/resume-2025-novabright/react-graphql-dashboard/backend/src/index.ts",
      "function": "async startServer",
      "line": 62,
      "method": null,
      "native": false
    }
  ]
}
